Registering sniffs in PSR2 standard... DONE (39 sniffs registered)
Creating file list... DONE (5 files in queue)
Changing into directory /mnt/sandbox/2013/websafe-buildscript-for-michelf-php-markdown/build/src/tests/MichelfTest/Markdown/Parser
Processing CoreTest.php [58 tokens in 27 lines]... DONE in < 1 second (0 errors, 0 warnings)
Processing AbstractParserTest.php [764 tokens in 121 lines]... DONE in < 1 second (8 errors, 0 warnings)
Processing ExtraTest.php [58 tokens in 27 lines]... DONE in < 1 second (0 errors, 0 warnings)
Changing into directory /mnt/sandbox/2013/websafe-buildscript-for-michelf-php-markdown/build/src/library/Michelf/Markdown/Parser
Processing CoreParser.php [7993 tokens in 1554 lines]... DONE in < 1 second (258 errors, 20 warnings)
Processing ExtraParser.php [7484 tokens in 1340 lines]... DONE in 1 second (231 errors, 26 warnings)

FILE: ...f-php-markdown/build/src/library/Michelf/Markdown/Parser/CoreParser.php
--------------------------------------------------------------------------------
FOUND 258 ERROR(S) AND 20 WARNING(S) AFFECTING 232 LINE(S)
--------------------------------------------------------------------------------
   79 | ERROR   | Line indented incorrectly; expected at least 8 spaces, found
      |         | 4 (Generic.WhiteSpace.ScopeIndent.Incorrect)
   80 | ERROR   | Line indented incorrectly; expected at least 8 spaces, found
      |         | 4 (Generic.WhiteSpace.ScopeIndent.Incorrect)
   81 | ERROR   | Line indented incorrectly; expected at least 8 spaces, found
      |         | 4 (Generic.WhiteSpace.ScopeIndent.Incorrect)
  111 | ERROR   | Line indented incorrectly; expected at least 8 spaces, found
      |         | 4 (Generic.WhiteSpace.ScopeIndent.Incorrect)
  112 | ERROR   | Line indented incorrectly; expected at least 8 spaces, found
      |         | 4 (Generic.WhiteSpace.ScopeIndent.Incorrect)
  113 | ERROR   | Line indented incorrectly; expected at least 8 spaces, found
      |         | 4 (Generic.WhiteSpace.ScopeIndent.Incorrect)
  114 | ERROR   | Line indented incorrectly; expected at least 8 spaces, found
      |         | 4 (Generic.WhiteSpace.ScopeIndent.Incorrect)
  125 | ERROR   | Line indented incorrectly; expected at least 8 spaces, found
      |         | 4 (Generic.WhiteSpace.ScopeIndent.Incorrect)
  126 | ERROR   | Line indented incorrectly; expected at least 8 spaces, found
      |         | 4 (Generic.WhiteSpace.ScopeIndent.Incorrect)
  127 | ERROR   | Line indented incorrectly; expected at least 8 spaces, found
      |         | 4 (Generic.WhiteSpace.ScopeIndent.Incorrect)
  128 | ERROR   | Line indented incorrectly; expected at least 8 spaces, found
      |         | 4 (Generic.WhiteSpace.ScopeIndent.Incorrect)
  136 | ERROR   | Line indented incorrectly; expected at least 8 spaces, found
      |         | 4 (Generic.WhiteSpace.ScopeIndent.Incorrect)
  137 | ERROR   | Line indented incorrectly; expected at least 8 spaces, found
      |         | 4 (Generic.WhiteSpace.ScopeIndent.Incorrect)
  138 | ERROR   | Line indented incorrectly; expected at least 8 spaces, found
      |         | 4 (Generic.WhiteSpace.ScopeIndent.Incorrect)
  139 | ERROR   | Line indented incorrectly; expected at least 8 spaces, found
      |         | 4 (Generic.WhiteSpace.ScopeIndent.Incorrect)
  183 | ERROR   | Line indented incorrectly; expected at least 8 spaces, found
      |         | 4 (Generic.WhiteSpace.ScopeIndent.Incorrect)
  184 | ERROR   | Line indented incorrectly; expected at least 8 spaces, found
      |         | 4 (Generic.WhiteSpace.ScopeIndent.Incorrect)
  185 | ERROR   | Line indented incorrectly; expected at least 8 spaces, found
      |         | 4 (Generic.WhiteSpace.ScopeIndent.Incorrect)
  186 | ERROR   | Line indented incorrectly; expected at least 8 spaces, found
      |         | 4 (Generic.WhiteSpace.ScopeIndent.Incorrect)
  190 | ERROR   | Opening parenthesis of a multi-line function call must be the
      |         | last content on the line
      |         | (PEAR.Functions.FunctionCallSignature.ContentAfterOpenBracket)
  213 | ERROR   | Closing parenthesis of a multi-line function call must be on
      |         | a line by itself
      |         | (PEAR.Functions.FunctionCallSignature.CloseBracketLine)
  217 | WARNING | Method name "_stripLinkDefinitions_callback" should not be
      |         | prefixed with an underscore to indicate visibility
      |         | (PSR2.Methods.MethodDeclaration.Underscore)
  217 | ERROR   | Public method name
      |         | "CoreParser::_stripLinkDefinitions_callback" is not in camel
      |         | caps format
      |         | (Generic.NamingConventions.CamelCapsFunctionName.ScopeNotCamelCaps)
  229 | ERROR   | Inline control structures are not allowed
      |         | (Generic.ControlStructures.InlineControlStructure.NotAllowed)
  269 | ERROR   | Opening parenthesis of a multi-line function call must be the
      |         | last content on the line
      |         | (PEAR.Functions.FunctionCallSignature.ContentAfterOpenBracket)
  278 | ERROR   | Only one argument is allowed per line in a multi-line
      |         | function call
      |         | (PEAR.Functions.FunctionCallSignature.MultipleArguments)
  278 | ERROR   | Closing parenthesis of a multi-line function call must be on
      |         | a line by itself
      |         | (PEAR.Functions.FunctionCallSignature.CloseBracketLine)
  280 | ERROR   | Opening parenthesis of a multi-line function call must be the
      |         | last content on the line
      |         | (PEAR.Functions.FunctionCallSignature.ContentAfterOpenBracket)
  287 | ERROR   | Closing parenthesis of a multi-line function call must be on
      |         | a line by itself
      |         | (PEAR.Functions.FunctionCallSignature.CloseBracketLine)
  301 | ERROR   | Opening parenthesis of a multi-line function call must be the
      |         | last content on the line
      |         | (PEAR.Functions.FunctionCallSignature.ContentAfterOpenBracket)
  363 | ERROR   | Closing parenthesis of a multi-line function call must be on
      |         | a line by itself
      |         | (PEAR.Functions.FunctionCallSignature.CloseBracketLine)
  367 | WARNING | Method name "_hashHTMLBlocks_callback" should not be prefixed
      |         | with an underscore to indicate visibility
      |         | (PSR2.Methods.MethodDeclaration.Underscore)
  367 | ERROR   | Public method name "CoreParser::_hashHTMLBlocks_callback" is
      |         | not in camel caps format
      |         | (Generic.NamingConventions.CamelCapsFunctionName.ScopeNotCamelCaps)
  377 | ERROR   | Line indented incorrectly; expected at least 8 spaces, found
      |         | 4 (Generic.WhiteSpace.ScopeIndent.Incorrect)
  378 | ERROR   | Line indented incorrectly; expected at least 8 spaces, found
      |         | 4 (Generic.WhiteSpace.ScopeIndent.Incorrect)
  379 | ERROR   | Line indented incorrectly; expected at least 8 spaces, found
      |         | 4 (Generic.WhiteSpace.ScopeIndent.Incorrect)
  380 | ERROR   | Line indented incorrectly; expected at least 8 spaces, found
      |         | 4 (Generic.WhiteSpace.ScopeIndent.Incorrect)
  381 | ERROR   | Line indented incorrectly; expected at least 8 spaces, found
      |         | 4 (Generic.WhiteSpace.ScopeIndent.Incorrect)
  382 | ERROR   | Line indented incorrectly; expected at least 8 spaces, found
      |         | 4 (Generic.WhiteSpace.ScopeIndent.Incorrect)
  383 | ERROR   | Line indented incorrectly; expected at least 8 spaces, found
      |         | 4 (Generic.WhiteSpace.ScopeIndent.Incorrect)
  384 | ERROR   | Line indented incorrectly; expected at least 8 spaces, found
      |         | 4 (Generic.WhiteSpace.ScopeIndent.Incorrect)
  385 | ERROR   | Line indented incorrectly; expected at least 8 spaces, found
      |         | 4 (Generic.WhiteSpace.ScopeIndent.Incorrect)
  386 | ERROR   | Line indented incorrectly; expected at least 8 spaces, found
      |         | 4 (Generic.WhiteSpace.ScopeIndent.Incorrect)
  401 | ERROR   | Line indented incorrectly; expected at least 8 spaces, found
      |         | 4 (Generic.WhiteSpace.ScopeIndent.Incorrect)
  402 | ERROR   | Line indented incorrectly; expected at least 8 spaces, found
      |         | 4 (Generic.WhiteSpace.ScopeIndent.Incorrect)
  403 | ERROR   | Line indented incorrectly; expected at least 8 spaces, found
      |         | 4 (Generic.WhiteSpace.ScopeIndent.Incorrect)
  423 | ERROR   | Line indented incorrectly; expected at least 8 spaces, found
      |         | 4 (Generic.WhiteSpace.ScopeIndent.Incorrect)
  424 | ERROR   | Line indented incorrectly; expected at least 8 spaces, found
      |         | 4 (Generic.WhiteSpace.ScopeIndent.Incorrect)
  425 | ERROR   | Line indented incorrectly; expected at least 8 spaces, found
      |         | 4 (Generic.WhiteSpace.ScopeIndent.Incorrect)
  438 | ERROR   | Line indented incorrectly; expected at least 8 spaces, found
      |         | 4 (Generic.WhiteSpace.ScopeIndent.Incorrect)
  439 | ERROR   | Line indented incorrectly; expected at least 8 spaces, found
      |         | 4 (Generic.WhiteSpace.ScopeIndent.Incorrect)
  440 | ERROR   | Line indented incorrectly; expected at least 8 spaces, found
      |         | 4 (Generic.WhiteSpace.ScopeIndent.Incorrect)
  441 | ERROR   | Line indented incorrectly; expected at least 8 spaces, found
      |         | 4 (Generic.WhiteSpace.ScopeIndent.Incorrect)
  442 | ERROR   | Line indented incorrectly; expected at least 8 spaces, found
      |         | 4 (Generic.WhiteSpace.ScopeIndent.Incorrect)
  468 | ERROR   | Closing parenthesis of a multi-line function call must be on
      |         | a line by itself
      |         | (PEAR.Functions.FunctionCallSignature.CloseBracketLine)
  497 | ERROR   | Line indented incorrectly; expected at least 8 spaces, found
      |         | 4 (Generic.WhiteSpace.ScopeIndent.Incorrect)
  498 | ERROR   | Line indented incorrectly; expected at least 8 spaces, found
      |         | 4 (Generic.WhiteSpace.ScopeIndent.Incorrect)
  499 | ERROR   | Line indented incorrectly; expected at least 8 spaces, found
      |         | 4 (Generic.WhiteSpace.ScopeIndent.Incorrect)
  510 | ERROR   | Opening parenthesis of a multi-line function call must be the
      |         | last content on the line
      |         | (PEAR.Functions.FunctionCallSignature.ContentAfterOpenBracket)
  511 | ERROR   | Only one argument is allowed per line in a multi-line
      |         | function call
      |         | (PEAR.Functions.FunctionCallSignature.MultipleArguments)
  511 | ERROR   | Closing parenthesis of a multi-line function call must be on
      |         | a line by itself
      |         | (PEAR.Functions.FunctionCallSignature.CloseBracketLine)
  513 | WARNING | Method name "_doHardBreaks_callback" should not be prefixed
      |         | with an underscore to indicate visibility
      |         | (PSR2.Methods.MethodDeclaration.Underscore)
  513 | ERROR   | Public method name "CoreParser::_doHardBreaks_callback" is
      |         | not in camel caps format
      |         | (Generic.NamingConventions.CamelCapsFunctionName.ScopeNotCamelCaps)
  520 | ERROR   | Line indented incorrectly; expected at least 8 spaces, found
      |         | 4 (Generic.WhiteSpace.ScopeIndent.Incorrect)
  521 | ERROR   | Line indented incorrectly; expected at least 8 spaces, found
      |         | 4 (Generic.WhiteSpace.ScopeIndent.Incorrect)
  522 | ERROR   | Line indented incorrectly; expected at least 8 spaces, found
      |         | 4 (Generic.WhiteSpace.ScopeIndent.Incorrect)
  523 | ERROR   | Inline control structures are not allowed
      |         | (Generic.ControlStructures.InlineControlStructure.NotAllowed)
  529 | ERROR   | Opening parenthesis of a multi-line function call must be the
      |         | last content on the line
      |         | (PEAR.Functions.FunctionCallSignature.ContentAfterOpenBracket)
  543 | ERROR   | Only one argument is allowed per line in a multi-line
      |         | function call
      |         | (PEAR.Functions.FunctionCallSignature.MultipleArguments)
  543 | ERROR   | Closing parenthesis of a multi-line function call must be on
      |         | a line by itself
      |         | (PEAR.Functions.FunctionCallSignature.CloseBracketLine)
  548 | ERROR   | Opening parenthesis of a multi-line function call must be the
      |         | last content on the line
      |         | (PEAR.Functions.FunctionCallSignature.ContentAfterOpenBracket)
  570 | ERROR   | Only one argument is allowed per line in a multi-line
      |         | function call
      |         | (PEAR.Functions.FunctionCallSignature.MultipleArguments)
  570 | ERROR   | Closing parenthesis of a multi-line function call must be on
      |         | a line by itself
      |         | (PEAR.Functions.FunctionCallSignature.CloseBracketLine)
  577 | ERROR   | Opening parenthesis of a multi-line function call must be the
      |         | last content on the line
      |         | (PEAR.Functions.FunctionCallSignature.ContentAfterOpenBracket)
  584 | ERROR   | Only one argument is allowed per line in a multi-line
      |         | function call
      |         | (PEAR.Functions.FunctionCallSignature.MultipleArguments)
  584 | ERROR   | Closing parenthesis of a multi-line function call must be on
      |         | a line by itself
      |         | (PEAR.Functions.FunctionCallSignature.CloseBracketLine)
  590 | WARNING | Method name "_doAnchors_reference_callback" should not be
      |         | prefixed with an underscore to indicate visibility
      |         | (PSR2.Methods.MethodDeclaration.Underscore)
  590 | ERROR   | Public method name
      |         | "CoreParser::_doAnchors_reference_callback" is not in camel
      |         | caps format
      |         | (Generic.NamingConventions.CamelCapsFunctionName.ScopeNotCamelCaps)
  610 | ERROR   | Expected 0 spaces after opening bracket; 1 found
      |         | (PSR2.ControlStructures.ControlStructureSpacing.SpacingAfterOpenBrace)
  610 | ERROR   | Expected 0 spaces before closing bracket; 1 found
      |         | (PSR2.ControlStructures.ControlStructureSpacing.SpaceBeforeCloseBrace)
  625 | WARNING | Method name "_doAnchors_inline_callback" should not be
      |         | prefixed with an underscore to indicate visibility
      |         | (PSR2.Methods.MethodDeclaration.Underscore)
  625 | ERROR   | Public method name "CoreParser::_doAnchors_inline_callback"
      |         | is not in camel caps format
      |         | (Generic.NamingConventions.CamelCapsFunctionName.ScopeNotCamelCaps)
  648 | ERROR   | Line indented incorrectly; expected at least 8 spaces, found
      |         | 4 (Generic.WhiteSpace.ScopeIndent.Incorrect)
  649 | ERROR   | Line indented incorrectly; expected at least 8 spaces, found
      |         | 4 (Generic.WhiteSpace.ScopeIndent.Incorrect)
  650 | ERROR   | Line indented incorrectly; expected at least 8 spaces, found
      |         | 4 (Generic.WhiteSpace.ScopeIndent.Incorrect)
  654 | ERROR   | Opening parenthesis of a multi-line function call must be the
      |         | last content on the line
      |         | (PEAR.Functions.FunctionCallSignature.ContentAfterOpenBracket)
  669 | ERROR   | Only one argument is allowed per line in a multi-line
      |         | function call
      |         | (PEAR.Functions.FunctionCallSignature.MultipleArguments)
  669 | ERROR   | Closing parenthesis of a multi-line function call must be on
      |         | a line by itself
      |         | (PEAR.Functions.FunctionCallSignature.CloseBracketLine)
  675 | ERROR   | Opening parenthesis of a multi-line function call must be the
      |         | last content on the line
      |         | (PEAR.Functions.FunctionCallSignature.ContentAfterOpenBracket)
  698 | ERROR   | Only one argument is allowed per line in a multi-line
      |         | function call
      |         | (PEAR.Functions.FunctionCallSignature.MultipleArguments)
  698 | ERROR   | Closing parenthesis of a multi-line function call must be on
      |         | a line by itself
      |         | (PEAR.Functions.FunctionCallSignature.CloseBracketLine)
  702 | WARNING | Method name "_doImages_reference_callback" should not be
      |         | prefixed with an underscore to indicate visibility
      |         | (PSR2.Methods.MethodDeclaration.Underscore)
  702 | ERROR   | Public method name "CoreParser::_doImages_reference_callback"
      |         | is not in camel caps format
      |         | (Generic.NamingConventions.CamelCapsFunctionName.ScopeNotCamelCaps)
  730 | WARNING | Method name "_doImages_inline_callback" should not be
      |         | prefixed with an underscore to indicate visibility
      |         | (PSR2.Methods.MethodDeclaration.Underscore)
  730 | ERROR   | Public method name "CoreParser::_doImages_inline_callback" is
      |         | not in camel caps format
      |         | (Generic.NamingConventions.CamelCapsFunctionName.ScopeNotCamelCaps)
  759 | ERROR   | Opening parenthesis of a multi-line function call must be the
      |         | last content on the line
      |         | (PEAR.Functions.FunctionCallSignature.ContentAfterOpenBracket)
  760 | ERROR   | Only one argument is allowed per line in a multi-line
      |         | function call
      |         | (PEAR.Functions.FunctionCallSignature.MultipleArguments)
  760 | ERROR   | Closing parenthesis of a multi-line function call must be on
      |         | a line by itself
      |         | (PEAR.Functions.FunctionCallSignature.CloseBracketLine)
  769 | ERROR   | Opening parenthesis of a multi-line function call must be the
      |         | last content on the line
      |         | (PEAR.Functions.FunctionCallSignature.ContentAfterOpenBracket)
  777 | ERROR   | Only one argument is allowed per line in a multi-line
      |         | function call
      |         | (PEAR.Functions.FunctionCallSignature.MultipleArguments)
  777 | ERROR   | Closing parenthesis of a multi-line function call must be on
      |         | a line by itself
      |         | (PEAR.Functions.FunctionCallSignature.CloseBracketLine)
  781 | WARNING | Method name "_doHeaders_callback_setext" should not be
      |         | prefixed with an underscore to indicate visibility
      |         | (PSR2.Methods.MethodDeclaration.Underscore)
  781 | ERROR   | Public method name "CoreParser::_doHeaders_callback_setext"
      |         | is not in camel caps format
      |         | (Generic.NamingConventions.CamelCapsFunctionName.ScopeNotCamelCaps)
  784 | ERROR   | Inline control structures are not allowed
      |         | (Generic.ControlStructures.InlineControlStructure.NotAllowed)
  793 | WARNING | Method name "_doHeaders_callback_atx" should not be prefixed
      |         | with an underscore to indicate visibility
      |         | (PSR2.Methods.MethodDeclaration.Underscore)
  793 | ERROR   | Public method name "CoreParser::_doHeaders_callback_atx" is
      |         | not in camel caps format
      |         | (Generic.NamingConventions.CamelCapsFunctionName.ScopeNotCamelCaps)
  804 | ERROR   | Line indented incorrectly; expected at least 8 spaces, found
      |         | 4 (Generic.WhiteSpace.ScopeIndent.Incorrect)
  805 | ERROR   | Line indented incorrectly; expected at least 8 spaces, found
      |         | 4 (Generic.WhiteSpace.ScopeIndent.Incorrect)
  806 | ERROR   | Line indented incorrectly; expected at least 8 spaces, found
      |         | 4 (Generic.WhiteSpace.ScopeIndent.Incorrect)
  852 | ERROR   | Opening parenthesis of a multi-line function call must be the
      |         | last content on the line
      |         | (PEAR.Functions.FunctionCallSignature.ContentAfterOpenBracket)
  856 | ERROR   | Only one argument is allowed per line in a multi-line
      |         | function call
      |         | (PEAR.Functions.FunctionCallSignature.MultipleArguments)
  856 | ERROR   | Closing parenthesis of a multi-line function call must be on
      |         | a line by itself
      |         | (PEAR.Functions.FunctionCallSignature.CloseBracketLine)
  858 | ERROR   | Opening parenthesis of a multi-line function call must be the
      |         | last content on the line
      |         | (PEAR.Functions.FunctionCallSignature.ContentAfterOpenBracket)
  862 | ERROR   | Only one argument is allowed per line in a multi-line
      |         | function call
      |         | (PEAR.Functions.FunctionCallSignature.MultipleArguments)
  862 | ERROR   | Closing parenthesis of a multi-line function call must be on
      |         | a line by itself
      |         | (PEAR.Functions.FunctionCallSignature.CloseBracketLine)
  868 | WARNING | Method name "_doLists_callback" should not be prefixed with
      |         | an underscore to indicate visibility
      |         | (PSR2.Methods.MethodDeclaration.Underscore)
  868 | ERROR   | Public method name "CoreParser::_doLists_callback" is not in
      |         | camel caps format
      |         | (Generic.NamingConventions.CamelCapsFunctionName.ScopeNotCamelCaps)
  892 | ERROR   | Line indented incorrectly; expected at least 8 spaces, found
      |         | 4 (Generic.WhiteSpace.ScopeIndent.Incorrect)
  893 | ERROR   | Line indented incorrectly; expected at least 8 spaces, found
      |         | 4 (Generic.WhiteSpace.ScopeIndent.Incorrect)
  894 | ERROR   | Line indented incorrectly; expected at least 8 spaces, found
      |         | 4 (Generic.WhiteSpace.ScopeIndent.Incorrect)
  895 | ERROR   | Line indented incorrectly; expected at least 8 spaces, found
      |         | 4 (Generic.WhiteSpace.ScopeIndent.Incorrect)
  922 | ERROR   | Opening parenthesis of a multi-line function call must be the
      |         | last content on the line
      |         | (PEAR.Functions.FunctionCallSignature.ContentAfterOpenBracket)
  932 | ERROR   | Only one argument is allowed per line in a multi-line
      |         | function call
      |         | (PEAR.Functions.FunctionCallSignature.MultipleArguments)
  932 | ERROR   | Closing parenthesis of a multi-line function call must be on
      |         | a line by itself
      |         | (PEAR.Functions.FunctionCallSignature.CloseBracketLine)
  938 | WARNING | Method name "_processListItems_callback" should not be
      |         | prefixed with an underscore to indicate visibility
      |         | (PSR2.Methods.MethodDeclaration.Underscore)
  938 | ERROR   | Public method name "CoreParser::_processListItems_callback"
      |         | is not in camel caps format
      |         | (Generic.NamingConventions.CamelCapsFunctionName.ScopeNotCamelCaps)
  946 | ERROR   | Expected "if (...) {\n"; found "if (...)\n        {\n"
      |         | (Squiz.ControlStructures.ControlSignature)
  964 | ERROR   | Line indented incorrectly; expected at least 8 spaces, found
      |         | 4 (Generic.WhiteSpace.ScopeIndent.Incorrect)
  965 | ERROR   | Line indented incorrectly; expected at least 8 spaces, found
      |         | 4 (Generic.WhiteSpace.ScopeIndent.Incorrect)
  966 | ERROR   | Line indented incorrectly; expected at least 8 spaces, found
      |         | 4 (Generic.WhiteSpace.ScopeIndent.Incorrect)
  967 | ERROR   | Opening parenthesis of a multi-line function call must be the
      |         | last content on the line
      |         | (PEAR.Functions.FunctionCallSignature.ContentAfterOpenBracket)
  977 | ERROR   | Only one argument is allowed per line in a multi-line
      |         | function call
      |         | (PEAR.Functions.FunctionCallSignature.MultipleArguments)
  977 | ERROR   | Closing parenthesis of a multi-line function call must be on
      |         | a line by itself
      |         | (PEAR.Functions.FunctionCallSignature.CloseBracketLine)
  981 | WARNING | Method name "_doCodeBlocks_callback" should not be prefixed
      |         | with an underscore to indicate visibility
      |         | (PSR2.Methods.MethodDeclaration.Underscore)
  981 | ERROR   | Public method name "CoreParser::_doCodeBlocks_callback" is
      |         | not in camel caps format
      |         | (Generic.NamingConventions.CamelCapsFunctionName.ScopeNotCamelCaps)
  998 | ERROR   | Line indented incorrectly; expected at least 8 spaces, found
      |         | 4 (Generic.WhiteSpace.ScopeIndent.Incorrect)
  999 | ERROR   | Line indented incorrectly; expected at least 8 spaces, found
      |         | 4 (Generic.WhiteSpace.ScopeIndent.Incorrect)
 1000 | ERROR   | Line indented incorrectly; expected at least 8 spaces, found
      |         | 4 (Generic.WhiteSpace.ScopeIndent.Incorrect)
 1025 | ERROR   | Line indented incorrectly; expected at least 8 spaces, found
      |         | 4 (Generic.WhiteSpace.ScopeIndent.Incorrect)
 1026 | ERROR   | Line indented incorrectly; expected at least 8 spaces, found
      |         | 4 (Generic.WhiteSpace.ScopeIndent.Incorrect)
 1027 | ERROR   | Line indented incorrectly; expected at least 8 spaces, found
      |         | 4 (Generic.WhiteSpace.ScopeIndent.Incorrect)
 1028 | ERROR   | Line indented incorrectly; expected at least 8 spaces, found
      |         | 4 (Generic.WhiteSpace.ScopeIndent.Incorrect)
 1172 | ERROR   | Opening parenthesis of a multi-line function call must be the
      |         | last content on the line
      |         | (PEAR.Functions.FunctionCallSignature.ContentAfterOpenBracket)
 1182 | ERROR   | Only one argument is allowed per line in a multi-line
      |         | function call
      |         | (PEAR.Functions.FunctionCallSignature.MultipleArguments)
 1182 | ERROR   | Closing parenthesis of a multi-line function call must be on
      |         | a line by itself
      |         | (PEAR.Functions.FunctionCallSignature.CloseBracketLine)
 1186 | WARNING | Method name "_doBlockQuotes_callback" should not be prefixed
      |         | with an underscore to indicate visibility
      |         | (PSR2.Methods.MethodDeclaration.Underscore)
 1186 | ERROR   | Public method name "CoreParser::_doBlockQuotes_callback" is
      |         | not in camel caps format
      |         | (Generic.NamingConventions.CamelCapsFunctionName.ScopeNotCamelCaps)
 1196 | ERROR   | Opening parenthesis of a multi-line function call must be the
      |         | last content on the line
      |         | (PEAR.Functions.FunctionCallSignature.ContentAfterOpenBracket)
 1197 | ERROR   | Only one argument is allowed per line in a multi-line
      |         | function call
      |         | (PEAR.Functions.FunctionCallSignature.MultipleArguments)
 1197 | ERROR   | Closing parenthesis of a multi-line function call must be on
      |         | a line by itself
      |         | (PEAR.Functions.FunctionCallSignature.CloseBracketLine)
 1201 | WARNING | Method name "_doBlockQuotes_callback2" should not be prefixed
      |         | with an underscore to indicate visibility
      |         | (PSR2.Methods.MethodDeclaration.Underscore)
 1201 | ERROR   | Public method name "CoreParser::_doBlockQuotes_callback2" is
      |         | not in camel caps format
      |         | (Generic.NamingConventions.CamelCapsFunctionName.ScopeNotCamelCaps)
 1211 | ERROR   | Line indented incorrectly; expected at least 8 spaces, found
      |         | 4 (Generic.WhiteSpace.ScopeIndent.Incorrect)
 1212 | ERROR   | Line indented incorrectly; expected at least 8 spaces, found
      |         | 4 (Generic.WhiteSpace.ScopeIndent.Incorrect)
 1213 | ERROR   | Line indented incorrectly; expected at least 8 spaces, found
      |         | 4 (Generic.WhiteSpace.ScopeIndent.Incorrect)
 1214 | ERROR   | Line indented incorrectly; expected at least 8 spaces, found
      |         | 4 (Generic.WhiteSpace.ScopeIndent.Incorrect)
 1236 | ERROR   | Line indented incorrectly; expected at least 16 spaces, found
      |         | 0 (Generic.WhiteSpace.ScopeIndent.Incorrect)
 1237 | ERROR   | Line indented incorrectly; expected at least 16 spaces, found
      |         | 0 (Generic.WhiteSpace.ScopeIndent.Incorrect)
 1238 | ERROR   | Line indented incorrectly; expected at least 16 spaces, found
      |         | 0 (Generic.WhiteSpace.ScopeIndent.Incorrect)
 1239 | ERROR   | Line indented incorrectly; expected at least 16 spaces, found
      |         | 0 (Generic.WhiteSpace.ScopeIndent.Incorrect)
 1240 | ERROR   | Line indented incorrectly; expected at least 16 spaces, found
      |         | 0 (Generic.WhiteSpace.ScopeIndent.Incorrect)
 1241 | ERROR   | Line indented incorrectly; expected at least 16 spaces, found
      |         | 0 (Generic.WhiteSpace.ScopeIndent.Incorrect)
 1242 | ERROR   | Line indented incorrectly; expected at least 16 spaces, found
      |         | 0 (Generic.WhiteSpace.ScopeIndent.Incorrect)
 1243 | ERROR   | Line indented incorrectly; expected at least 16 spaces, found
      |         | 0 (Generic.WhiteSpace.ScopeIndent.Incorrect)
 1244 | ERROR   | Line indented incorrectly; expected at least 16 spaces, found
      |         | 0 (Generic.WhiteSpace.ScopeIndent.Incorrect)
 1245 | ERROR   | Line indented incorrectly; expected at least 16 spaces, found
      |         | 0 (Generic.WhiteSpace.ScopeIndent.Incorrect)
 1246 | ERROR   | Line indented incorrectly; expected at least 16 spaces, found
      |         | 0 (Generic.WhiteSpace.ScopeIndent.Incorrect)
 1247 | ERROR   | Line indented incorrectly; expected at least 16 spaces, found
      |         | 0 (Generic.WhiteSpace.ScopeIndent.Incorrect)
 1248 | ERROR   | Line indented incorrectly; expected at least 16 spaces, found
      |         | 0 (Generic.WhiteSpace.ScopeIndent.Incorrect)
 1249 | ERROR   | Line indented incorrectly; expected at least 16 spaces, found
      |         | 0 (Generic.WhiteSpace.ScopeIndent.Incorrect)
 1250 | ERROR   | Line indented incorrectly; expected at least 16 spaces, found
      |         | 0 (Generic.WhiteSpace.ScopeIndent.Incorrect)
 1251 | ERROR   | Line indented incorrectly; expected at least 16 spaces, found
      |         | 0 (Generic.WhiteSpace.ScopeIndent.Incorrect)
 1252 | ERROR   | Line indented incorrectly; expected at least 16 spaces, found
      |         | 0 (Generic.WhiteSpace.ScopeIndent.Incorrect)
 1253 | ERROR   | Line indented incorrectly; expected at least 16 spaces, found
      |         | 0 (Generic.WhiteSpace.ScopeIndent.Incorrect)
 1254 | ERROR   | Line indented incorrectly; expected at least 16 spaces, found
      |         | 0 (Generic.WhiteSpace.ScopeIndent.Incorrect)
 1255 | ERROR   | Line indented incorrectly; expected at least 16 spaces, found
      |         | 0 (Generic.WhiteSpace.ScopeIndent.Incorrect)
 1256 | ERROR   | Line indented incorrectly; expected at least 16 spaces, found
      |         | 0 (Generic.WhiteSpace.ScopeIndent.Incorrect)
 1257 | ERROR   | Line indented incorrectly; expected at least 16 spaces, found
      |         | 0 (Generic.WhiteSpace.ScopeIndent.Incorrect)
 1258 | ERROR   | Line indented incorrectly; expected at least 16 spaces, found
      |         | 0 (Generic.WhiteSpace.ScopeIndent.Incorrect)
 1259 | ERROR   | Line indented incorrectly; expected at least 16 spaces, found
      |         | 0 (Generic.WhiteSpace.ScopeIndent.Incorrect)
 1260 | ERROR   | Line indented incorrectly; expected at least 16 spaces, found
      |         | 0 (Generic.WhiteSpace.ScopeIndent.Incorrect)
 1261 | ERROR   | Line indented incorrectly; expected at least 16 spaces, found
      |         | 0 (Generic.WhiteSpace.ScopeIndent.Incorrect)
 1262 | ERROR   | Line indented incorrectly; expected at least 16 spaces, found
      |         | 0 (Generic.WhiteSpace.ScopeIndent.Incorrect)
 1263 | ERROR   | Line indented incorrectly; expected at least 16 spaces, found
      |         | 0 (Generic.WhiteSpace.ScopeIndent.Incorrect)
 1264 | ERROR   | Line indented incorrectly; expected at least 16 spaces, found
      |         | 0 (Generic.WhiteSpace.ScopeIndent.Incorrect)
 1265 | ERROR   | Line indented incorrectly; expected at least 16 spaces, found
      |         | 0 (Generic.WhiteSpace.ScopeIndent.Incorrect)
 1266 | ERROR   | Line indented incorrectly; expected at least 16 spaces, found
      |         | 0 (Generic.WhiteSpace.ScopeIndent.Incorrect)
 1267 | ERROR   | Line indented incorrectly; expected at least 16 spaces, found
      |         | 0 (Generic.WhiteSpace.ScopeIndent.Incorrect)
 1268 | ERROR   | Line indented incorrectly; expected at least 16 spaces, found
      |         | 0 (Generic.WhiteSpace.ScopeIndent.Incorrect)
 1269 | ERROR   | Line indented incorrectly; expected at least 16 spaces, found
      |         | 0 (Generic.WhiteSpace.ScopeIndent.Incorrect)
 1270 | ERROR   | Line indented incorrectly; expected at least 16 spaces, found
      |         | 0 (Generic.WhiteSpace.ScopeIndent.Incorrect)
 1280 | ERROR   | Line indented incorrectly; expected at least 8 spaces, found
      |         | 4 (Generic.WhiteSpace.ScopeIndent.Incorrect)
 1281 | ERROR   | Line indented incorrectly; expected at least 8 spaces, found
      |         | 4 (Generic.WhiteSpace.ScopeIndent.Incorrect)
 1282 | ERROR   | Line indented incorrectly; expected at least 8 spaces, found
      |         | 4 (Generic.WhiteSpace.ScopeIndent.Incorrect)
 1283 | ERROR   | Line indented incorrectly; expected at least 8 spaces, found
      |         | 4 (Generic.WhiteSpace.ScopeIndent.Incorrect)
 1292 | ERROR   | Line indented incorrectly; expected at least 8 spaces, found
      |         | 4 (Generic.WhiteSpace.ScopeIndent.Incorrect)
 1293 | ERROR   | Line indented incorrectly; expected at least 8 spaces, found
      |         | 4 (Generic.WhiteSpace.ScopeIndent.Incorrect)
 1294 | ERROR   | Line indented incorrectly; expected at least 8 spaces, found
      |         | 4 (Generic.WhiteSpace.ScopeIndent.Incorrect)
 1295 | ERROR   | Line indented incorrectly; expected at least 8 spaces, found
      |         | 4 (Generic.WhiteSpace.ScopeIndent.Incorrect)
 1296 | ERROR   | Line indented incorrectly; expected at least 8 spaces, found
      |         | 4 (Generic.WhiteSpace.ScopeIndent.Incorrect)
 1302 | ERROR   | Opening parenthesis of a multi-line function call must be the
      |         | last content on the line
      |         | (PEAR.Functions.FunctionCallSignature.ContentAfterOpenBracket)
 1303 | ERROR   | Multi-line function call not indented correctly; expected 16
      |         | spaces but found 32
      |         | (PEAR.Functions.FunctionCallSignature.Indent)
 1303 | ERROR   | Only one argument is allowed per line in a multi-line
      |         | function call
      |         | (PEAR.Functions.FunctionCallSignature.MultipleArguments)
 1303 | ERROR   | Closing parenthesis of a multi-line function call must be on
      |         | a line by itself
      |         | (PEAR.Functions.FunctionCallSignature.CloseBracketLine)
 1303 | ERROR   | Each PHP statement must be on a line by itself
      |         | (Generic.Formatting.DisallowMultipleStatements.SameLine)
 1313 | ERROR   | Opening parenthesis of a multi-line function call must be the
      |         | last content on the line
      |         | (PEAR.Functions.FunctionCallSignature.ContentAfterOpenBracket)
 1314 | ERROR   | Only one argument is allowed per line in a multi-line
      |         | function call
      |         | (PEAR.Functions.FunctionCallSignature.MultipleArguments)
 1314 | ERROR   | Closing parenthesis of a multi-line function call must be on
      |         | a line by itself
      |         | (PEAR.Functions.FunctionCallSignature.CloseBracketLine)
 1317 | ERROR   | Opening parenthesis of a multi-line function call must be the
      |         | last content on the line
      |         | (PEAR.Functions.FunctionCallSignature.ContentAfterOpenBracket)
 1335 | ERROR   | Only one argument is allowed per line in a multi-line
      |         | function call
      |         | (PEAR.Functions.FunctionCallSignature.MultipleArguments)
 1335 | ERROR   | Closing parenthesis of a multi-line function call must be on
      |         | a line by itself
      |         | (PEAR.Functions.FunctionCallSignature.CloseBracketLine)
 1339 | WARNING | Method name "_doAutoLinks_url_callback" should not be
      |         | prefixed with an underscore to indicate visibility
      |         | (PSR2.Methods.MethodDeclaration.Underscore)
 1339 | ERROR   | Public method name "CoreParser::_doAutoLinks_url_callback" is
      |         | not in camel caps format
      |         | (Generic.NamingConventions.CamelCapsFunctionName.ScopeNotCamelCaps)
 1346 | WARNING | Method name "_doAutoLinks_email_callback" should not be
      |         | prefixed with an underscore to indicate visibility
      |         | (PSR2.Methods.MethodDeclaration.Underscore)
 1346 | ERROR   | Public method name "CoreParser::_doAutoLinks_email_callback"
      |         | is not in camel caps format
      |         | (Generic.NamingConventions.CamelCapsFunctionName.ScopeNotCamelCaps)
 1356 | ERROR   | Line indented incorrectly; expected at least 8 spaces, found
      |         | 4 (Generic.WhiteSpace.ScopeIndent.Incorrect)
 1357 | ERROR   | Line indented incorrectly; expected at least 8 spaces, found
      |         | 4 (Generic.WhiteSpace.ScopeIndent.Incorrect)
 1358 | ERROR   | Line indented incorrectly; expected at least 8 spaces, found
      |         | 4 (Generic.WhiteSpace.ScopeIndent.Incorrect)
 1359 | ERROR   | Line indented incorrectly; expected at least 8 spaces, found
      |         | 4 (Generic.WhiteSpace.ScopeIndent.Incorrect)
 1360 | ERROR   | Line indented incorrectly; expected at least 8 spaces, found
      |         | 4 (Generic.WhiteSpace.ScopeIndent.Incorrect)
 1361 | ERROR   | Line indented incorrectly; expected at least 8 spaces, found
      |         | 4 (Generic.WhiteSpace.ScopeIndent.Incorrect)
 1362 | ERROR   | Line indented incorrectly; expected at least 8 spaces, found
      |         | 4 (Generic.WhiteSpace.ScopeIndent.Incorrect)
 1363 | ERROR   | Line indented incorrectly; expected at least 8 spaces, found
      |         | 4 (Generic.WhiteSpace.ScopeIndent.Incorrect)
 1364 | ERROR   | Line indented incorrectly; expected at least 8 spaces, found
      |         | 4 (Generic.WhiteSpace.ScopeIndent.Incorrect)
 1365 | ERROR   | Line indented incorrectly; expected at least 8 spaces, found
      |         | 4 (Generic.WhiteSpace.ScopeIndent.Incorrect)
 1366 | ERROR   | Line indented incorrectly; expected at least 8 spaces, found
      |         | 4 (Generic.WhiteSpace.ScopeIndent.Incorrect)
 1367 | ERROR   | Line indented incorrectly; expected at least 8 spaces, found
      |         | 4 (Generic.WhiteSpace.ScopeIndent.Incorrect)
 1368 | ERROR   | Line indented incorrectly; expected at least 8 spaces, found
      |         | 4 (Generic.WhiteSpace.ScopeIndent.Incorrect)
 1369 | ERROR   | Line indented incorrectly; expected at least 8 spaces, found
      |         | 4 (Generic.WhiteSpace.ScopeIndent.Incorrect)
 1370 | ERROR   | Line indented incorrectly; expected at least 8 spaces, found
      |         | 4 (Generic.WhiteSpace.ScopeIndent.Incorrect)
 1382 | ERROR   | Inline control structures are not allowed
      |         | (Generic.ControlStructures.InlineControlStructure.NotAllowed)
 1383 | WARNING | Usage of ELSE IF is discouraged; use ELSEIF instead
      |         | (PSR2.ControlStructures.ElseIfDeclaration.NotAllowed)
 1383 | ERROR   | Inline control structures are not allowed
      |         | (Generic.ControlStructures.InlineControlStructure.NotAllowed)
 1384 | ERROR   | Inline control structures are not allowed
      |         | (Generic.ControlStructures.InlineControlStructure.NotAllowed)
 1397 | ERROR   | Line indented incorrectly; expected at least 8 spaces, found
      |         | 4 (Generic.WhiteSpace.ScopeIndent.Incorrect)
 1398 | ERROR   | Line indented incorrectly; expected at least 8 spaces, found
      |         | 4 (Generic.WhiteSpace.ScopeIndent.Incorrect)
 1399 | ERROR   | Line indented incorrectly; expected at least 8 spaces, found
      |         | 4 (Generic.WhiteSpace.ScopeIndent.Incorrect)
 1400 | ERROR   | Line indented incorrectly; expected at least 8 spaces, found
      |         | 4 (Generic.WhiteSpace.ScopeIndent.Incorrect)
 1456 | ERROR   | Line indented incorrectly; expected at least 8 spaces, found
      |         | 4 (Generic.WhiteSpace.ScopeIndent.Incorrect)
 1457 | ERROR   | Line indented incorrectly; expected at least 8 spaces, found
      |         | 4 (Generic.WhiteSpace.ScopeIndent.Incorrect)
 1458 | ERROR   | Line indented incorrectly; expected at least 8 spaces, found
      |         | 4 (Generic.WhiteSpace.ScopeIndent.Incorrect)
 1459 | ERROR   | Line indented incorrectly; expected at least 8 spaces, found
      |         | 4 (Generic.WhiteSpace.ScopeIndent.Incorrect)
 1465 | ERROR   | Expected "if (...) {\n"; found "if (...)\n               
      |         | {\n" (Squiz.ControlStructures.ControlSignature)
 1465 | ERROR   | Opening parenthesis of a multi-line function call must be the
      |         | last content on the line
      |         | (PEAR.Functions.FunctionCallSignature.ContentAfterOpenBracket)
 1466 | ERROR   | Only one argument is allowed per line in a multi-line
      |         | function call
      |         | (PEAR.Functions.FunctionCallSignature.MultipleArguments)
 1466 | ERROR   | Closing parenthesis of a multi-line function call must be on
      |         | a line by itself
      |         | (PEAR.Functions.FunctionCallSignature.CloseBracketLine)
 1482 | ERROR   | Line indented incorrectly; expected at least 8 spaces, found
      |         | 4 (Generic.WhiteSpace.ScopeIndent.Incorrect)
 1483 | ERROR   | Line indented incorrectly; expected at least 8 spaces, found
      |         | 4 (Generic.WhiteSpace.ScopeIndent.Incorrect)
 1484 | ERROR   | Line indented incorrectly; expected at least 8 spaces, found
      |         | 4 (Generic.WhiteSpace.ScopeIndent.Incorrect)
 1495 | ERROR   | Line indented incorrectly; expected at least 8 spaces, found
      |         | 4 (Generic.WhiteSpace.ScopeIndent.Incorrect)
 1496 | ERROR   | Line indented incorrectly; expected at least 8 spaces, found
      |         | 4 (Generic.WhiteSpace.ScopeIndent.Incorrect)
 1497 | ERROR   | Line indented incorrectly; expected at least 8 spaces, found
      |         | 4 (Generic.WhiteSpace.ScopeIndent.Incorrect)
 1502 | ERROR   | Opening parenthesis of a multi-line function call must be the
      |         | last content on the line
      |         | (PEAR.Functions.FunctionCallSignature.ContentAfterOpenBracket)
 1503 | ERROR   | Only one argument is allowed per line in a multi-line
      |         | function call
      |         | (PEAR.Functions.FunctionCallSignature.MultipleArguments)
 1503 | ERROR   | Closing parenthesis of a multi-line function call must be on
      |         | a line by itself
      |         | (PEAR.Functions.FunctionCallSignature.CloseBracketLine)
 1507 | WARNING | Method name "_detab_callback" should not be prefixed with an
      |         | underscore to indicate visibility
      |         | (PSR2.Methods.MethodDeclaration.Underscore)
 1507 | ERROR   | Public method name "CoreParser::_detab_callback" is not in
      |         | camel caps format
      |         | (Generic.NamingConventions.CamelCapsFunctionName.ScopeNotCamelCaps)
 1526 | WARNING | Method name "_initDetab" should not be prefixed with an
      |         | underscore to indicate visibility
      |         | (PSR2.Methods.MethodDeclaration.Underscore)
 1526 | ERROR   | Public method name "CoreParser::_initDetab" is not in camel
      |         | caps format
      |         | (Generic.NamingConventions.CamelCapsFunctionName.ScopeNotCamelCaps)
 1528 | ERROR   | Line indented incorrectly; expected at least 8 spaces, found
      |         | 4 (Generic.WhiteSpace.ScopeIndent.Incorrect)
 1529 | ERROR   | Line indented incorrectly; expected at least 8 spaces, found
      |         | 4 (Generic.WhiteSpace.ScopeIndent.Incorrect)
 1530 | ERROR   | Line indented incorrectly; expected at least 8 spaces, found
      |         | 4 (Generic.WhiteSpace.ScopeIndent.Incorrect)
 1531 | ERROR   | Line indented incorrectly; expected at least 8 spaces, found
      |         | 4 (Generic.WhiteSpace.ScopeIndent.Incorrect)
 1532 | ERROR   | Line indented incorrectly; expected at least 8 spaces, found
      |         | 4 (Generic.WhiteSpace.ScopeIndent.Incorrect)
 1533 | ERROR   | Line indented incorrectly; expected at least 8 spaces, found
      |         | 4 (Generic.WhiteSpace.ScopeIndent.Incorrect)
 1534 | ERROR   | Inline control structures are not allowed
      |         | (Generic.ControlStructures.InlineControlStructure.NotAllowed)
 1535 | ERROR   | Opening parenthesis of a multi-line function call must be the
      |         | last content on the line
      |         | (PEAR.Functions.FunctionCallSignature.ContentAfterOpenBracket)
 1535 | ERROR   | Only one argument is allowed per line in a multi-line
      |         | function call
      |         | (PEAR.Functions.FunctionCallSignature.MultipleArguments)
 1537 | ERROR   | Closing parenthesis of a multi-line function call must be on
      |         | a line by itself
      |         | (PEAR.Functions.FunctionCallSignature.CloseBracketLine)
 1542 | ERROR   | Line indented incorrectly; expected at least 8 spaces, found
      |         | 4 (Generic.WhiteSpace.ScopeIndent.Incorrect)
 1543 | ERROR   | Line indented incorrectly; expected at least 8 spaces, found
      |         | 4 (Generic.WhiteSpace.ScopeIndent.Incorrect)
 1544 | ERROR   | Line indented incorrectly; expected at least 8 spaces, found
      |         | 4 (Generic.WhiteSpace.ScopeIndent.Incorrect)
 1546 | ERROR   | Opening parenthesis of a multi-line function call must be the
      |         | last content on the line
      |         | (PEAR.Functions.FunctionCallSignature.ContentAfterOpenBracket)
 1547 | ERROR   | Only one argument is allowed per line in a multi-line
      |         | function call
      |         | (PEAR.Functions.FunctionCallSignature.MultipleArguments)
 1547 | ERROR   | Closing parenthesis of a multi-line function call must be on
      |         | a line by itself
      |         | (PEAR.Functions.FunctionCallSignature.CloseBracketLine)
 1549 | WARNING | Method name "_unhash_callback" should not be prefixed with an
      |         | underscore to indicate visibility
      |         | (PSR2.Methods.MethodDeclaration.Underscore)
 1549 | ERROR   | Public method name "CoreParser::_unhash_callback" is not in
      |         | camel caps format
      |         | (Generic.NamingConventions.CamelCapsFunctionName.ScopeNotCamelCaps)
 1554 | ERROR   | The closing brace for the class must go on the next line
      |         | after the body
      |         | (PSR2.Classes.ClassDeclaration.CloseBraceAfterBody)
--------------------------------------------------------------------------------


FILE: ...-php-markdown/build/src/library/Michelf/Markdown/Parser/ExtraParser.php
--------------------------------------------------------------------------------
FOUND 231 ERROR(S) AND 26 WARNING(S) AFFECTING 201 LINE(S)
--------------------------------------------------------------------------------
   77 | ERROR   | Line indented incorrectly; expected at least 8 spaces, found
      |         | 4 (Generic.WhiteSpace.ScopeIndent.Incorrect)
   78 | ERROR   | Line indented incorrectly; expected at least 8 spaces, found
      |         | 4 (Generic.WhiteSpace.ScopeIndent.Incorrect)
   79 | ERROR   | Line indented incorrectly; expected at least 8 spaces, found
      |         | 4 (Generic.WhiteSpace.ScopeIndent.Incorrect)
  118 | ERROR   | Line indented incorrectly; expected at least 8 spaces, found
      |         | 4 (Generic.WhiteSpace.ScopeIndent.Incorrect)
  119 | ERROR   | Line indented incorrectly; expected at least 8 spaces, found
      |         | 4 (Generic.WhiteSpace.ScopeIndent.Incorrect)
  120 | ERROR   | Line indented incorrectly; expected at least 8 spaces, found
      |         | 4 (Generic.WhiteSpace.ScopeIndent.Incorrect)
  132 | ERROR   | Inline control structures are not allowed
      |         | (Generic.ControlStructures.InlineControlStructure.NotAllowed)
  141 | ERROR   | Line indented incorrectly; expected at least 8 spaces, found
      |         | 4 (Generic.WhiteSpace.ScopeIndent.Incorrect)
  142 | ERROR   | Line indented incorrectly; expected at least 8 spaces, found
      |         | 4 (Generic.WhiteSpace.ScopeIndent.Incorrect)
  143 | ERROR   | Line indented incorrectly; expected at least 8 spaces, found
      |         | 4 (Generic.WhiteSpace.ScopeIndent.Incorrect)
  163 | ERROR   | Line indented incorrectly; expected at least 8 spaces, found
      |         | 4 (Generic.WhiteSpace.ScopeIndent.Incorrect)
  164 | ERROR   | Line indented incorrectly; expected at least 8 spaces, found
      |         | 4 (Generic.WhiteSpace.ScopeIndent.Incorrect)
  165 | ERROR   | Line indented incorrectly; expected at least 8 spaces, found
      |         | 4 (Generic.WhiteSpace.ScopeIndent.Incorrect)
  166 | ERROR   | Line indented incorrectly; expected at least 8 spaces, found
      |         | 4 (Generic.WhiteSpace.ScopeIndent.Incorrect)
  167 | ERROR   | Line indented incorrectly; expected at least 8 spaces, found
      |         | 4 (Generic.WhiteSpace.ScopeIndent.Incorrect)
  168 | ERROR   | Line indented incorrectly; expected at least 8 spaces, found
      |         | 4 (Generic.WhiteSpace.ScopeIndent.Incorrect)
  169 | ERROR   | Inline control structures are not allowed
      |         | (Generic.ControlStructures.InlineControlStructure.NotAllowed)
  182 | ERROR   | Inline control structures are not allowed
      |         | (Generic.ControlStructures.InlineControlStructure.NotAllowed)
  201 | WARNING | Line exceeds 120 characters; contains 170 characters
      |         | (Generic.Files.LineLength.TooLong)
  204 | WARNING | Line exceeds 120 characters; contains 123 characters
      |         | (Generic.Files.LineLength.TooLong)
  218 | ERROR   | Line indented incorrectly; expected at least 8 spaces, found
      |         | 4 (Generic.WhiteSpace.ScopeIndent.Incorrect)
  219 | ERROR   | Line indented incorrectly; expected at least 8 spaces, found
      |         | 4 (Generic.WhiteSpace.ScopeIndent.Incorrect)
  220 | ERROR   | Line indented incorrectly; expected at least 8 spaces, found
      |         | 4 (Generic.WhiteSpace.ScopeIndent.Incorrect)
  221 | ERROR   | Line indented incorrectly; expected at least 8 spaces, found
      |         | 4 (Generic.WhiteSpace.ScopeIndent.Incorrect)
  222 | ERROR   | Line indented incorrectly; expected at least 8 spaces, found
      |         | 4 (Generic.WhiteSpace.ScopeIndent.Incorrect)
  223 | ERROR   | Line indented incorrectly; expected at least 8 spaces, found
      |         | 4 (Generic.WhiteSpace.ScopeIndent.Incorrect)
  224 | ERROR   | Line indented incorrectly; expected at least 8 spaces, found
      |         | 4 (Generic.WhiteSpace.ScopeIndent.Incorrect)
  225 | ERROR   | Line indented incorrectly; expected at least 8 spaces, found
      |         | 4 (Generic.WhiteSpace.ScopeIndent.Incorrect)
  226 | ERROR   | Line indented incorrectly; expected at least 8 spaces, found
      |         | 4 (Generic.WhiteSpace.ScopeIndent.Incorrect)
  227 | ERROR   | Line indented incorrectly; expected at least 8 spaces, found
      |         | 4 (Generic.WhiteSpace.ScopeIndent.Incorrect)
  228 | ERROR   | Line indented incorrectly; expected at least 8 spaces, found
      |         | 4 (Generic.WhiteSpace.ScopeIndent.Incorrect)
  229 | ERROR   | Line indented incorrectly; expected at least 8 spaces, found
      |         | 4 (Generic.WhiteSpace.ScopeIndent.Incorrect)
  230 | ERROR   | Line indented incorrectly; expected at least 8 spaces, found
      |         | 4 (Generic.WhiteSpace.ScopeIndent.Incorrect)
  231 | ERROR   | Line indented incorrectly; expected at least 8 spaces, found
      |         | 4 (Generic.WhiteSpace.ScopeIndent.Incorrect)
  232 | ERROR   | Line indented incorrectly; expected at least 8 spaces, found
      |         | 4 (Generic.WhiteSpace.ScopeIndent.Incorrect)
  233 | ERROR   | Inline control structures are not allowed
      |         | (Generic.ControlStructures.InlineControlStructure.NotAllowed)
  242 | WARNING | Method name "_hashHTMLBlocks_inMarkdown" should not be
      |         | prefixed with an underscore to indicate visibility
      |         | (PSR2.Methods.MethodDeclaration.Underscore)
  242 | ERROR   | Public method name "ExtraParser::_hashHTMLBlocks_inMarkdown"
      |         | is not in camel caps format
      |         | (Generic.NamingConventions.CamelCapsFunctionName.ScopeNotCamelCaps)
  242 | ERROR   | The first parameter of a multi-line function declaration must
      |         | be on the line after the opening bracket
      |         | (Squiz.Functions.MultiLineFunctionDeclaration.FirstParamSpacing)
  242 | ERROR   | Commas in multi-line function declarations must be the last
      |         | content on a line
      |         | (Squiz.Functions.MultiLineFunctionDeclaration.ContentAfterComma)
  242 | ERROR   | Multi-line function declarations must define one parameter
      |         | per line
      |         | (Squiz.Functions.MultiLineFunctionDeclaration.OneParamPerLine)
  243 | ERROR   | Multi-line function declaration not indented correctly;
      |         | expected 8 spaces but found 40
      |         | (Squiz.Functions.MultiLineFunctionDeclaration.Indent)
  243 | ERROR   | Commas in multi-line function declarations must be the last
      |         | content on a line
      |         | (Squiz.Functions.MultiLineFunctionDeclaration.ContentAfterComma)
  243 | ERROR   | The closing parenthesis of a multi-line function declaration
      |         | must be on a new line
      |         | (Squiz.Functions.MultiLineFunctionDeclaration.CloseBracketLine)
  243 | ERROR   | There must be a single space between the closing parenthesis
      |         | and the opening brace of a multi-line function declaration;
      |         | found newline
      |         | (Squiz.Functions.MultiLineFunctionDeclaration.NewlineBeforeOpenBrace)
  245 | ERROR   | Line indented incorrectly; expected at least 8 spaces, found
      |         | 4 (Generic.WhiteSpace.ScopeIndent.Incorrect)
  246 | ERROR   | Line indented incorrectly; expected at least 8 spaces, found
      |         | 4 (Generic.WhiteSpace.ScopeIndent.Incorrect)
  247 | ERROR   | Line indented incorrectly; expected at least 8 spaces, found
      |         | 4 (Generic.WhiteSpace.ScopeIndent.Incorrect)
  248 | ERROR   | Line indented incorrectly; expected at least 8 spaces, found
      |         | 4 (Generic.WhiteSpace.ScopeIndent.Incorrect)
  249 | ERROR   | Line indented incorrectly; expected at least 8 spaces, found
      |         | 4 (Generic.WhiteSpace.ScopeIndent.Incorrect)
  250 | ERROR   | Line indented incorrectly; expected at least 8 spaces, found
      |         | 4 (Generic.WhiteSpace.ScopeIndent.Incorrect)
  251 | ERROR   | Line indented incorrectly; expected at least 8 spaces, found
      |         | 4 (Generic.WhiteSpace.ScopeIndent.Incorrect)
  252 | ERROR   | Line indented incorrectly; expected at least 8 spaces, found
      |         | 4 (Generic.WhiteSpace.ScopeIndent.Incorrect)
  253 | ERROR   | Line indented incorrectly; expected at least 8 spaces, found
      |         | 4 (Generic.WhiteSpace.ScopeIndent.Incorrect)
  254 | ERROR   | Line indented incorrectly; expected at least 8 spaces, found
      |         | 4 (Generic.WhiteSpace.ScopeIndent.Incorrect)
  255 | ERROR   | Line indented incorrectly; expected at least 8 spaces, found
      |         | 4 (Generic.WhiteSpace.ScopeIndent.Incorrect)
  256 | ERROR   | Line indented incorrectly; expected at least 8 spaces, found
      |         | 4 (Generic.WhiteSpace.ScopeIndent.Incorrect)
  257 | ERROR   | Line indented incorrectly; expected at least 8 spaces, found
      |         | 4 (Generic.WhiteSpace.ScopeIndent.Incorrect)
  258 | ERROR   | Line indented incorrectly; expected at least 8 spaces, found
      |         | 4 (Generic.WhiteSpace.ScopeIndent.Incorrect)
  259 | ERROR   | Line indented incorrectly; expected at least 8 spaces, found
      |         | 4 (Generic.WhiteSpace.ScopeIndent.Incorrect)
  260 | ERROR   | Line indented incorrectly; expected at least 8 spaces, found
      |         | 4 (Generic.WhiteSpace.ScopeIndent.Incorrect)
  261 | ERROR   | Line indented incorrectly; expected at least 8 spaces, found
      |         | 4 (Generic.WhiteSpace.ScopeIndent.Incorrect)
  262 | ERROR   | Line indented incorrectly; expected at least 8 spaces, found
      |         | 4 (Generic.WhiteSpace.ScopeIndent.Incorrect)
  263 | ERROR   | Line indented incorrectly; expected at least 8 spaces, found
      |         | 4 (Generic.WhiteSpace.ScopeIndent.Incorrect)
  264 | ERROR   | Line indented incorrectly; expected at least 8 spaces, found
      |         | 4 (Generic.WhiteSpace.ScopeIndent.Incorrect)
  265 | ERROR   | Line indented incorrectly; expected at least 8 spaces, found
      |         | 4 (Generic.WhiteSpace.ScopeIndent.Incorrect)
  266 | ERROR   | Line indented incorrectly; expected at least 8 spaces, found
      |         | 4 (Generic.WhiteSpace.ScopeIndent.Incorrect)
  267 | ERROR   | Line indented incorrectly; expected at least 8 spaces, found
      |         | 4 (Generic.WhiteSpace.ScopeIndent.Incorrect)
  268 | ERROR   | Line indented incorrectly; expected at least 8 spaces, found
      |         | 4 (Generic.WhiteSpace.ScopeIndent.Incorrect)
  269 | ERROR   | Line indented incorrectly; expected at least 8 spaces, found
      |         | 4 (Generic.WhiteSpace.ScopeIndent.Incorrect)
  270 | ERROR   | Inline control structures are not allowed
      |         | (Generic.ControlStructures.InlineControlStructure.NotAllowed)
  349 | ERROR   | Opening parenthesis of a multi-line function call must be the
      |         | last content on the line
      |         | (PEAR.Functions.FunctionCallSignature.ContentAfterOpenBracket)
  349 | ERROR   | Only one argument is allowed per line in a multi-line
      |         | function call
      |         | (PEAR.Functions.FunctionCallSignature.MultipleArguments)
  349 | ERROR   | Only one argument is allowed per line in a multi-line
      |         | function call
      |         | (PEAR.Functions.FunctionCallSignature.MultipleArguments)
  350 | ERROR   | Multi-line function call not indented correctly; expected 16
      |         | spaces but found 32
      |         | (PEAR.Functions.FunctionCallSignature.Indent)
  350 | ERROR   | Closing parenthesis of a multi-line function call must be on
      |         | a line by itself
      |         | (PEAR.Functions.FunctionCallSignature.CloseBracketLine)
  378 | ERROR   | Expected "if (...) {\n"; found "if (...)\n               
      |         | {\n" (Squiz.ControlStructures.ControlSignature)
  378 | ERROR   | Opening parenthesis of a multi-line function call must be the
      |         | last content on the line
      |         | (PEAR.Functions.FunctionCallSignature.ContentAfterOpenBracket)
  379 | ERROR   | Only one argument is allowed per line in a multi-line
      |         | function call
      |         | (PEAR.Functions.FunctionCallSignature.MultipleArguments)
  379 | ERROR   | Closing parenthesis of a multi-line function call must be on
      |         | a line by itself
      |         | (PEAR.Functions.FunctionCallSignature.CloseBracketLine)
  392 | WARNING | Usage of ELSE IF is discouraged; use ELSEIF instead
      |         | (PSR2.ControlStructures.ElseIfDeclaration.NotAllowed)
  392 | ERROR   | Expected "} else if (...) {\n"; found "}\n            #\n    
      |         |        # Check for: Fenced code block marker.\n           
      |         | #\n            else if (...) {\n"
      |         | (Squiz.ControlStructures.ControlSignature)
  396 | ERROR   | Expected "if (...) {\n"; found "if (...)\n               
      |         | {\n" (Squiz.ControlStructures.ControlSignature)
  396 | ERROR   | Opening parenthesis of a multi-line function call must be the
      |         | last content on the line
      |         | (PEAR.Functions.FunctionCallSignature.ContentAfterOpenBracket)
  396 | ERROR   | Only one argument is allowed per line in a multi-line
      |         | function call
      |         | (PEAR.Functions.FunctionCallSignature.MultipleArguments)
  397 | ERROR   | Closing parenthesis of a multi-line function call must be on
      |         | a line by itself
      |         | (PEAR.Functions.FunctionCallSignature.CloseBracketLine)
  410 | WARNING | Usage of ELSE IF is discouraged; use ELSEIF instead
      |         | (PSR2.ControlStructures.ElseIfDeclaration.NotAllowed)
  410 | ERROR   | Expected "} else if (...) {\n"; found "}\n            #\n    
      |         |        # Check for: Indented code block.\n            #\n    
      |         |        else if (...) {\n"
      |         | (Squiz.ControlStructures.ControlSignature)
  420 | WARNING | Usage of ELSE IF is discouraged; use ELSEIF instead
      |         | (PSR2.ControlStructures.ElseIfDeclaration.NotAllowed)
  420 | ERROR   | Expected "} else if (...) {\n"; found "}\n            #\n    
      |         |        # Check for: Opening Block level tag or\n            #
      |         |            Opening Context Block tag (like ins and del)\n    
      |         |        #               used as a block tag (tag is alone on
      |         | it's line).\n            #\n            else if (...)\n      
      |         |      {\n" (Squiz.ControlStructures.ControlSignature)
  420 | ERROR   | Expected "if (...) {\n"; found "if (...)\n            {\n"
      |         | (Squiz.ControlStructures.ControlSignature)
  437 | WARNING | Usage of ELSE IF is discouraged; use ELSEIF instead
      |         | (PSR2.ControlStructures.ElseIfDeclaration.NotAllowed)
  437 | ERROR   | Expected "} else if (...) {\n"; found "}\n            #\n    
      |         |        # Check for: Clean tag (like script, math)\n          
      |         |  #            HTML Comments, processing instructions.\n      
      |         |      #\n            else if (...)\n            {\n"
      |         | (Squiz.ControlStructures.ControlSignature)
  437 | ERROR   | Expected "if (...) {\n"; found "if (...)\n            {\n"
      |         | (Squiz.ControlStructures.ControlSignature)
  450 | WARNING | Usage of ELSE IF is discouraged; use ELSEIF instead
      |         | (PSR2.ControlStructures.ElseIfDeclaration.NotAllowed)
  450 | ERROR   | Expected "} else if (...) {\n"; found "}\n            #\n    
      |         |        # Check for: Tag with same name as enclosing tag.\n   
      |         |         #\n            else if (...)\n            {\n"
      |         | (Squiz.ControlStructures.ControlSignature)
  450 | ERROR   | Expected "if (...) {\n"; found "if (...)\n            {\n"
      |         | (Squiz.ControlStructures.ControlSignature)
  457 | ERROR   | Inline control structures are not allowed
      |         | (Generic.ControlStructures.InlineControlStructure.NotAllowed)
  458 | WARNING | Usage of ELSE IF is discouraged; use ELSEIF instead
      |         | (PSR2.ControlStructures.ElseIfDeclaration.NotAllowed)
  458 | ERROR   | Inline control structures are not allowed
      |         | (Generic.ControlStructures.InlineControlStructure.NotAllowed)
  477 | WARNING | Method name "_hashHTMLBlocks_inHTML" should not be prefixed
      |         | with an underscore to indicate visibility
      |         | (PSR2.Methods.MethodDeclaration.Underscore)
  477 | ERROR   | Public method name "ExtraParser::_hashHTMLBlocks_inHTML" is
      |         | not in camel caps format
      |         | (Generic.NamingConventions.CamelCapsFunctionName.ScopeNotCamelCaps)
  479 | ERROR   | Line indented incorrectly; expected at least 8 spaces, found
      |         | 4 (Generic.WhiteSpace.ScopeIndent.Incorrect)
  480 | ERROR   | Line indented incorrectly; expected at least 8 spaces, found
      |         | 4 (Generic.WhiteSpace.ScopeIndent.Incorrect)
  481 | ERROR   | Line indented incorrectly; expected at least 8 spaces, found
      |         | 4 (Generic.WhiteSpace.ScopeIndent.Incorrect)
  482 | ERROR   | Line indented incorrectly; expected at least 8 spaces, found
      |         | 4 (Generic.WhiteSpace.ScopeIndent.Incorrect)
  483 | ERROR   | Line indented incorrectly; expected at least 8 spaces, found
      |         | 4 (Generic.WhiteSpace.ScopeIndent.Incorrect)
  484 | ERROR   | Line indented incorrectly; expected at least 8 spaces, found
      |         | 4 (Generic.WhiteSpace.ScopeIndent.Incorrect)
  485 | ERROR   | Line indented incorrectly; expected at least 8 spaces, found
      |         | 4 (Generic.WhiteSpace.ScopeIndent.Incorrect)
  486 | ERROR   | Line indented incorrectly; expected at least 8 spaces, found
      |         | 4 (Generic.WhiteSpace.ScopeIndent.Incorrect)
  487 | ERROR   | Line indented incorrectly; expected at least 8 spaces, found
      |         | 4 (Generic.WhiteSpace.ScopeIndent.Incorrect)
  488 | ERROR   | Line indented incorrectly; expected at least 8 spaces, found
      |         | 4 (Generic.WhiteSpace.ScopeIndent.Incorrect)
  489 | ERROR   | Inline control structures are not allowed
      |         | (Generic.ControlStructures.InlineControlStructure.NotAllowed)
  540 | ERROR   | Inline control structures are not allowed
      |         | (Generic.ControlStructures.InlineControlStructure.NotAllowed)
  574 | ERROR   | Expected "if (...) {\n"; found "if (...)\n            {\n"
      |         | (Squiz.ControlStructures.ControlSignature)
  585 | ERROR   | Inline control structures are not allowed
      |         | (Generic.ControlStructures.InlineControlStructure.NotAllowed)
  586 | WARNING | Usage of ELSE IF is discouraged; use ELSEIF instead
      |         | (PSR2.ControlStructures.ElseIfDeclaration.NotAllowed)
  586 | ERROR   | Inline control structures are not allowed
      |         | (Generic.ControlStructures.InlineControlStructure.NotAllowed)
  592 | ERROR   | Expected "if (...) {\n"; found "if (...)\n               
      |         | {\n" (Squiz.ControlStructures.ControlSignature)
  623 | ERROR   | Opening parenthesis of a multi-line function call must be the
      |         | last content on the line
      |         | (PEAR.Functions.FunctionCallSignature.ContentAfterOpenBracket)
  623 | ERROR   | Only one argument is allowed per line in a multi-line
      |         | function call
      |         | (PEAR.Functions.FunctionCallSignature.MultipleArguments)
  624 | ERROR   | Only one argument is allowed per line in a multi-line
      |         | function call
      |         | (PEAR.Functions.FunctionCallSignature.MultipleArguments)
  624 | ERROR   | Closing parenthesis of a multi-line function call must be on
      |         | a line by itself
      |         | (PEAR.Functions.FunctionCallSignature.CloseBracketLine)
  628 | ERROR   | Opening parenthesis of a multi-line function call must be the
      |         | last content on the line
      |         | (PEAR.Functions.FunctionCallSignature.ContentAfterOpenBracket)
  628 | ERROR   | Only one argument is allowed per line in a multi-line
      |         | function call
      |         | (PEAR.Functions.FunctionCallSignature.MultipleArguments)
  629 | ERROR   | Multi-line function call not indented correctly; expected 28
      |         | spaces but found 52
      |         | (PEAR.Functions.FunctionCallSignature.Indent)
  629 | ERROR   | Closing parenthesis of a multi-line function call must be on
      |         | a line by itself
      |         | (PEAR.Functions.FunctionCallSignature.CloseBracketLine)
  633 | ERROR   | Inline control structures are not allowed
      |         | (Generic.ControlStructures.InlineControlStructure.NotAllowed)
  634 | ERROR   | Inline control structures are not allowed
      |         | (Generic.ControlStructures.InlineControlStructure.NotAllowed)
  638 | ERROR   | Inline control structures are not allowed
      |         | (Generic.ControlStructures.InlineControlStructure.NotAllowed)
  654 | ERROR   | Line indented incorrectly; expected at least 8 spaces, found
      |         | 4 (Generic.WhiteSpace.ScopeIndent.Incorrect)
  655 | ERROR   | Line indented incorrectly; expected at least 8 spaces, found
      |         | 4 (Generic.WhiteSpace.ScopeIndent.Incorrect)
  656 | ERROR   | Line indented incorrectly; expected at least 8 spaces, found
      |         | 4 (Generic.WhiteSpace.ScopeIndent.Incorrect)
  657 | ERROR   | Line indented incorrectly; expected at least 8 spaces, found
      |         | 4 (Generic.WhiteSpace.ScopeIndent.Incorrect)
  658 | ERROR   | Line indented incorrectly; expected at least 8 spaces, found
      |         | 4 (Generic.WhiteSpace.ScopeIndent.Incorrect)
  666 | ERROR   | Line indented incorrectly; expected at least 8 spaces, found
      |         | 4 (Generic.WhiteSpace.ScopeIndent.Incorrect)
  667 | ERROR   | Line indented incorrectly; expected at least 8 spaces, found
      |         | 4 (Generic.WhiteSpace.ScopeIndent.Incorrect)
  668 | ERROR   | Line indented incorrectly; expected at least 8 spaces, found
      |         | 4 (Generic.WhiteSpace.ScopeIndent.Incorrect)
  682 | ERROR   | Only one argument is allowed per line in a multi-line
      |         | function call
      |         | (PEAR.Functions.FunctionCallSignature.MultipleArguments)
  682 | ERROR   | Closing parenthesis of a multi-line function call must be on
      |         | a line by itself
      |         | (PEAR.Functions.FunctionCallSignature.CloseBracketLine)
  691 | ERROR   | Opening parenthesis of a multi-line function call must be the
      |         | last content on the line
      |         | (PEAR.Functions.FunctionCallSignature.ContentAfterOpenBracket)
  701 | ERROR   | Only one argument is allowed per line in a multi-line
      |         | function call
      |         | (PEAR.Functions.FunctionCallSignature.MultipleArguments)
  701 | ERROR   | Closing parenthesis of a multi-line function call must be on
      |         | a line by itself
      |         | (PEAR.Functions.FunctionCallSignature.CloseBracketLine)
  705 | WARNING | Method name "_doHeaders_callback_setext" should not be
      |         | prefixed with an underscore to indicate visibility
      |         | (PSR2.Methods.MethodDeclaration.Underscore)
  705 | ERROR   | Public method name "ExtraParser::_doHeaders_callback_setext"
      |         | is not in camel caps format
      |         | (Generic.NamingConventions.CamelCapsFunctionName.ScopeNotCamelCaps)
  707 | ERROR   | Inline control structures are not allowed
      |         | (Generic.ControlStructures.InlineControlStructure.NotAllowed)
  711 | ERROR   | Expected 1 space after = sign of default value
      |         | (Generic.Functions.FunctionCallArgumentSpacing.NoSpaceAfterEquals)
  716 | WARNING | Method name "_doHeaders_callback_atx" should not be prefixed
      |         | with an underscore to indicate visibility
      |         | (PSR2.Methods.MethodDeclaration.Underscore)
  716 | ERROR   | Public method name "ExtraParser::_doHeaders_callback_atx" is
      |         | not in camel caps format
      |         | (Generic.NamingConventions.CamelCapsFunctionName.ScopeNotCamelCaps)
  719 | ERROR   | Expected 1 space after = sign of default value
      |         | (Generic.Functions.FunctionCallArgumentSpacing.NoSpaceAfterEquals)
  727 | ERROR   | Line indented incorrectly; expected at least 8 spaces, found
      |         | 4 (Generic.WhiteSpace.ScopeIndent.Incorrect)
  728 | ERROR   | Line indented incorrectly; expected at least 8 spaces, found
      |         | 4 (Generic.WhiteSpace.ScopeIndent.Incorrect)
  729 | ERROR   | Line indented incorrectly; expected at least 8 spaces, found
      |         | 4 (Generic.WhiteSpace.ScopeIndent.Incorrect)
  739 | ERROR   | Opening parenthesis of a multi-line function call must be the
      |         | last content on the line
      |         | (PEAR.Functions.FunctionCallSignature.ContentAfterOpenBracket)
  757 | ERROR   | Only one argument is allowed per line in a multi-line
      |         | function call
      |         | (PEAR.Functions.FunctionCallSignature.MultipleArguments)
  757 | ERROR   | Closing parenthesis of a multi-line function call must be on
      |         | a line by itself
      |         | (PEAR.Functions.FunctionCallSignature.CloseBracketLine)
  767 | ERROR   | Opening parenthesis of a multi-line function call must be the
      |         | last content on the line
      |         | (PEAR.Functions.FunctionCallSignature.ContentAfterOpenBracket)
  783 | ERROR   | Only one argument is allowed per line in a multi-line
      |         | function call
      |         | (PEAR.Functions.FunctionCallSignature.MultipleArguments)
  783 | ERROR   | Closing parenthesis of a multi-line function call must be on
      |         | a line by itself
      |         | (PEAR.Functions.FunctionCallSignature.CloseBracketLine)
  787 | WARNING | Method name "_doTable_leadingPipe_callback" should not be
      |         | prefixed with an underscore to indicate visibility
      |         | (PSR2.Methods.MethodDeclaration.Underscore)
  787 | ERROR   | Public method name
      |         | "ExtraParser::_doTable_leadingPipe_callback" is not in camel
      |         | caps format
      |         | (Generic.NamingConventions.CamelCapsFunctionName.ScopeNotCamelCaps)
  798 | WARNING | Method name "_doTable_callback" should not be prefixed with
      |         | an underscore to indicate visibility
      |         | (PSR2.Methods.MethodDeclaration.Underscore)
  798 | ERROR   | Public method name "ExtraParser::_doTable_callback" is not in
      |         | camel caps format
      |         | (Generic.NamingConventions.CamelCapsFunctionName.ScopeNotCamelCaps)
  812 | ERROR   | Inline control structures are not allowed
      |         | (Generic.ControlStructures.InlineControlStructure.NotAllowed)
  813 | WARNING | Usage of ELSE IF is discouraged; use ELSEIF instead
      |         | (PSR2.ControlStructures.ElseIfDeclaration.NotAllowed)
  813 | ERROR   | Inline control structures are not allowed
      |         | (Generic.ControlStructures.InlineControlStructure.NotAllowed)
  814 | WARNING | Usage of ELSE IF is discouraged; use ELSEIF instead
      |         | (PSR2.ControlStructures.ElseIfDeclaration.NotAllowed)
  814 | ERROR   | Inline control structures are not allowed
      |         | (Generic.ControlStructures.InlineControlStructure.NotAllowed)
  815 | ERROR   | Inline control structures are not allowed
      |         | (Generic.ControlStructures.InlineControlStructure.NotAllowed)
  828 | ERROR   | Inline control structures are not allowed
      |         | (Generic.ControlStructures.InlineControlStructure.NotAllowed)
  847 | ERROR   | Inline control structures are not allowed
      |         | (Generic.ControlStructures.InlineControlStructure.NotAllowed)
  859 | ERROR   | Line indented incorrectly; expected at least 8 spaces, found
      |         | 4 (Generic.WhiteSpace.ScopeIndent.Incorrect)
  860 | ERROR   | Line indented incorrectly; expected at least 8 spaces, found
      |         | 4 (Generic.WhiteSpace.ScopeIndent.Incorrect)
  861 | ERROR   | Line indented incorrectly; expected at least 8 spaces, found
      |         | 4 (Generic.WhiteSpace.ScopeIndent.Incorrect)
  892 | ERROR   | Opening parenthesis of a multi-line function call must be the
      |         | last content on the line
      |         | (PEAR.Functions.FunctionCallSignature.ContentAfterOpenBracket)
  896 | ERROR   | Only one argument is allowed per line in a multi-line
      |         | function call
      |         | (PEAR.Functions.FunctionCallSignature.MultipleArguments)
  896 | ERROR   | Closing parenthesis of a multi-line function call must be on
      |         | a line by itself
      |         | (PEAR.Functions.FunctionCallSignature.CloseBracketLine)
  900 | WARNING | Method name "_doDefLists_callback" should not be prefixed
      |         | with an underscore to indicate visibility
      |         | (PSR2.Methods.MethodDeclaration.Underscore)
  900 | ERROR   | Public method name "ExtraParser::_doDefLists_callback" is not
      |         | in camel caps format
      |         | (Generic.NamingConventions.CamelCapsFunctionName.ScopeNotCamelCaps)
  915 | ERROR   | Line indented incorrectly; expected at least 8 spaces, found
      |         | 4 (Generic.WhiteSpace.ScopeIndent.Incorrect)
  916 | ERROR   | Line indented incorrectly; expected at least 8 spaces, found
      |         | 4 (Generic.WhiteSpace.ScopeIndent.Incorrect)
  917 | ERROR   | Line indented incorrectly; expected at least 8 spaces, found
      |         | 4 (Generic.WhiteSpace.ScopeIndent.Incorrect)
  918 | ERROR   | Line indented incorrectly; expected at least 8 spaces, found
      |         | 4 (Generic.WhiteSpace.ScopeIndent.Incorrect)
  925 | ERROR   | Opening parenthesis of a multi-line function call must be the
      |         | last content on the line
      |         | (PEAR.Functions.FunctionCallSignature.ContentAfterOpenBracket)
  936 | ERROR   | Only one argument is allowed per line in a multi-line
      |         | function call
      |         | (PEAR.Functions.FunctionCallSignature.MultipleArguments)
  936 | ERROR   | Closing parenthesis of a multi-line function call must be on
      |         | a line by itself
      |         | (PEAR.Functions.FunctionCallSignature.CloseBracketLine)
  939 | ERROR   | Opening parenthesis of a multi-line function call must be the
      |         | last content on the line
      |         | (PEAR.Functions.FunctionCallSignature.ContentAfterOpenBracket)
  953 | ERROR   | Only one argument is allowed per line in a multi-line
      |         | function call
      |         | (PEAR.Functions.FunctionCallSignature.MultipleArguments)
  953 | ERROR   | Closing parenthesis of a multi-line function call must be on
      |         | a line by itself
      |         | (PEAR.Functions.FunctionCallSignature.CloseBracketLine)
  957 | WARNING | Method name "_processDefListItems_callback_dt" should not be
      |         | prefixed with an underscore to indicate visibility
      |         | (PSR2.Methods.MethodDeclaration.Underscore)
  957 | ERROR   | Public method name
      |         | "ExtraParser::_processDefListItems_callback_dt" is not in
      |         | camel caps format
      |         | (Generic.NamingConventions.CamelCapsFunctionName.ScopeNotCamelCaps)
  968 | WARNING | Method name "_processDefListItems_callback_dd" should not be
      |         | prefixed with an underscore to indicate visibility
      |         | (PSR2.Methods.MethodDeclaration.Underscore)
  968 | ERROR   | Public method name
      |         | "ExtraParser::_processDefListItems_callback_dd" is not in
      |         | camel caps format
      |         | (Generic.NamingConventions.CamelCapsFunctionName.ScopeNotCamelCaps)
  989 | ERROR   | Line indented incorrectly; expected at least 8 spaces, found
      |         | 4 (Generic.WhiteSpace.ScopeIndent.Incorrect)
  990 | ERROR   | Line indented incorrectly; expected at least 8 spaces, found
      |         | 4 (Generic.WhiteSpace.ScopeIndent.Incorrect)
  991 | ERROR   | Line indented incorrectly; expected at least 8 spaces, found
      |         | 4 (Generic.WhiteSpace.ScopeIndent.Incorrect)
  992 | ERROR   | Line indented incorrectly; expected at least 8 spaces, found
      |         | 4 (Generic.WhiteSpace.ScopeIndent.Incorrect)
  993 | ERROR   | Line indented incorrectly; expected at least 8 spaces, found
      |         | 4 (Generic.WhiteSpace.ScopeIndent.Incorrect)
  994 | ERROR   | Line indented incorrectly; expected at least 8 spaces, found
      |         | 4 (Generic.WhiteSpace.ScopeIndent.Incorrect)
  995 | ERROR   | Line indented incorrectly; expected at least 8 spaces, found
      |         | 4 (Generic.WhiteSpace.ScopeIndent.Incorrect)
  998 | ERROR   | Opening parenthesis of a multi-line function call must be the
      |         | last content on the line
      |         | (PEAR.Functions.FunctionCallSignature.ContentAfterOpenBracket)
 1023 | ERROR   | Only one argument is allowed per line in a multi-line
      |         | function call
      |         | (PEAR.Functions.FunctionCallSignature.MultipleArguments)
 1023 | ERROR   | Closing parenthesis of a multi-line function call must be on
      |         | a line by itself
      |         | (PEAR.Functions.FunctionCallSignature.CloseBracketLine)
 1027 | WARNING | Method name "_doFencedCodeBlocks_callback" should not be
      |         | prefixed with an underscore to indicate visibility
      |         | (PSR2.Methods.MethodDeclaration.Underscore)
 1027 | ERROR   | Public method name
      |         | "ExtraParser::_doFencedCodeBlocks_callback" is not in camel
      |         | caps format
      |         | (Generic.NamingConventions.CamelCapsFunctionName.ScopeNotCamelCaps)
 1033 | ERROR   | Opening parenthesis of a multi-line function call must be the
      |         | last content on the line
      |         | (PEAR.Functions.FunctionCallSignature.ContentAfterOpenBracket)
 1034 | ERROR   | Only one argument is allowed per line in a multi-line
      |         | function call
      |         | (PEAR.Functions.FunctionCallSignature.MultipleArguments)
 1034 | ERROR   | Closing parenthesis of a multi-line function call must be on
      |         | a line by itself
      |         | (PEAR.Functions.FunctionCallSignature.CloseBracketLine)
 1037 | ERROR   | Inline control structures are not allowed
      |         | (Generic.ControlStructures.InlineControlStructure.NotAllowed)
 1049 | WARNING | Method name "_doFencedCodeBlocks_newlines" should not be
      |         | prefixed with an underscore to indicate visibility
      |         | (PSR2.Methods.MethodDeclaration.Underscore)
 1049 | ERROR   | Public method name
      |         | "ExtraParser::_doFencedCodeBlocks_newlines" is not in camel
      |         | caps format
      |         | (Generic.NamingConventions.CamelCapsFunctionName.ScopeNotCamelCaps)
 1051 | ERROR   | Opening parenthesis of a multi-line function call must be the
      |         | last content on the line
      |         | (PEAR.Functions.FunctionCallSignature.ContentAfterOpenBracket)
 1052 | ERROR   | Closing parenthesis of a multi-line function call must be on
      |         | a line by itself
      |         | (PEAR.Functions.FunctionCallSignature.CloseBracketLine)
 1077 | ERROR   | Line indented incorrectly; expected at least 8 spaces, found
      |         | 4 (Generic.WhiteSpace.ScopeIndent.Incorrect)
 1078 | ERROR   | Line indented incorrectly; expected at least 8 spaces, found
      |         | 4 (Generic.WhiteSpace.ScopeIndent.Incorrect)
 1079 | ERROR   | Line indented incorrectly; expected at least 8 spaces, found
      |         | 4 (Generic.WhiteSpace.ScopeIndent.Incorrect)
 1080 | ERROR   | Line indented incorrectly; expected at least 8 spaces, found
      |         | 4 (Generic.WhiteSpace.ScopeIndent.Incorrect)
 1115 | ERROR   | Line indented incorrectly; expected at least 8 spaces, found
      |         | 4 (Generic.WhiteSpace.ScopeIndent.Incorrect)
 1116 | ERROR   | Line indented incorrectly; expected at least 8 spaces, found
      |         | 4 (Generic.WhiteSpace.ScopeIndent.Incorrect)
 1117 | ERROR   | Line indented incorrectly; expected at least 8 spaces, found
      |         | 4 (Generic.WhiteSpace.ScopeIndent.Incorrect)
 1118 | ERROR   | Line indented incorrectly; expected at least 8 spaces, found
      |         | 4 (Generic.WhiteSpace.ScopeIndent.Incorrect)
 1122 | ERROR   | Opening parenthesis of a multi-line function call must be the
      |         | last content on the line
      |         | (PEAR.Functions.FunctionCallSignature.ContentAfterOpenBracket)
 1138 | ERROR   | Closing parenthesis of a multi-line function call must be on
      |         | a line by itself
      |         | (PEAR.Functions.FunctionCallSignature.CloseBracketLine)
 1142 | WARNING | Method name "_stripFootnotes_callback" should not be prefixed
      |         | with an underscore to indicate visibility
      |         | (PSR2.Methods.MethodDeclaration.Underscore)
 1142 | ERROR   | Public method name "ExtraParser::_stripFootnotes_callback" is
      |         | not in camel caps format
      |         | (Generic.NamingConventions.CamelCapsFunctionName.ScopeNotCamelCaps)
 1152 | ERROR   | Line indented incorrectly; expected at least 8 spaces, found
      |         | 4 (Generic.WhiteSpace.ScopeIndent.Incorrect)
 1153 | ERROR   | Line indented incorrectly; expected at least 8 spaces, found
      |         | 4 (Generic.WhiteSpace.ScopeIndent.Incorrect)
 1154 | ERROR   | Line indented incorrectly; expected at least 8 spaces, found
      |         | 4 (Generic.WhiteSpace.ScopeIndent.Incorrect)
 1155 | ERROR   | Line indented incorrectly; expected at least 8 spaces, found
      |         | 4 (Generic.WhiteSpace.ScopeIndent.Incorrect)
 1165 | ERROR   | Line indented incorrectly; expected at least 8 spaces, found
      |         | 4 (Generic.WhiteSpace.ScopeIndent.Incorrect)
 1166 | ERROR   | Line indented incorrectly; expected at least 8 spaces, found
      |         | 4 (Generic.WhiteSpace.ScopeIndent.Incorrect)
 1167 | ERROR   | Line indented incorrectly; expected at least 8 spaces, found
      |         | 4 (Generic.WhiteSpace.ScopeIndent.Incorrect)
 1168 | ERROR   | Opening parenthesis of a multi-line function call must be the
      |         | last content on the line
      |         | (PEAR.Functions.FunctionCallSignature.ContentAfterOpenBracket)
 1169 | ERROR   | Only one argument is allowed per line in a multi-line
      |         | function call
      |         | (PEAR.Functions.FunctionCallSignature.MultipleArguments)
 1169 | ERROR   | Closing parenthesis of a multi-line function call must be on
      |         | a line by itself
      |         | (PEAR.Functions.FunctionCallSignature.CloseBracketLine)
 1200 | ERROR   | Opening parenthesis of a multi-line function call must be the
      |         | last content on the line
      |         | (PEAR.Functions.FunctionCallSignature.ContentAfterOpenBracket)
 1201 | ERROR   | Only one argument is allowed per line in a multi-line
      |         | function call
      |         | (PEAR.Functions.FunctionCallSignature.MultipleArguments)
 1201 | ERROR   | Closing parenthesis of a multi-line function call must be on
      |         | a line by itself
      |         | (PEAR.Functions.FunctionCallSignature.CloseBracketLine)
 1229 | WARNING | Method name "_appendFootnotes_callback" should not be
      |         | prefixed with an underscore to indicate visibility
      |         | (PSR2.Methods.MethodDeclaration.Underscore)
 1229 | ERROR   | Public method name "ExtraParser::_appendFootnotes_callback"
      |         | is not in camel caps format
      |         | (Generic.NamingConventions.CamelCapsFunctionName.ScopeNotCamelCaps)
 1277 | ERROR   | Line indented incorrectly; expected at least 8 spaces, found
      |         | 4 (Generic.WhiteSpace.ScopeIndent.Incorrect)
 1278 | ERROR   | Line indented incorrectly; expected at least 8 spaces, found
      |         | 4 (Generic.WhiteSpace.ScopeIndent.Incorrect)
 1279 | ERROR   | Line indented incorrectly; expected at least 8 spaces, found
      |         | 4 (Generic.WhiteSpace.ScopeIndent.Incorrect)
 1283 | ERROR   | Opening parenthesis of a multi-line function call must be the
      |         | last content on the line
      |         | (PEAR.Functions.FunctionCallSignature.ContentAfterOpenBracket)
 1288 | ERROR   | Closing parenthesis of a multi-line function call must be on
      |         | a line by itself
      |         | (PEAR.Functions.FunctionCallSignature.CloseBracketLine)
 1292 | WARNING | Method name "_stripAbbreviations_callback" should not be
      |         | prefixed with an underscore to indicate visibility
      |         | (PSR2.Methods.MethodDeclaration.Underscore)
 1292 | ERROR   | Public method name
      |         | "ExtraParser::_stripAbbreviations_callback" is not in camel
      |         | caps format
      |         | (Generic.NamingConventions.CamelCapsFunctionName.ScopeNotCamelCaps)
 1296 | ERROR   | Inline control structures are not allowed
      |         | (Generic.ControlStructures.InlineControlStructure.NotAllowed)
 1307 | ERROR   | Line indented incorrectly; expected at least 8 spaces, found
      |         | 4 (Generic.WhiteSpace.ScopeIndent.Incorrect)
 1308 | ERROR   | Line indented incorrectly; expected at least 8 spaces, found
      |         | 4 (Generic.WhiteSpace.ScopeIndent.Incorrect)
 1309 | ERROR   | Line indented incorrectly; expected at least 8 spaces, found
      |         | 4 (Generic.WhiteSpace.ScopeIndent.Incorrect)
 1313 | ERROR   | Opening parenthesis of a multi-line function call must be the
      |         | last content on the line
      |         | (PEAR.Functions.FunctionCallSignature.ContentAfterOpenBracket)
 1318 | ERROR   | Only one argument is allowed per line in a multi-line
      |         | function call
      |         | (PEAR.Functions.FunctionCallSignature.MultipleArguments)
 1318 | ERROR   | Closing parenthesis of a multi-line function call must be on
      |         | a line by itself
      |         | (PEAR.Functions.FunctionCallSignature.CloseBracketLine)
 1323 | WARNING | Method name "_doAbbreviations_callback" should not be
      |         | prefixed with an underscore to indicate visibility
      |         | (PSR2.Methods.MethodDeclaration.Underscore)
 1323 | ERROR   | Public method name "ExtraParser::_doAbbreviations_callback"
      |         | is not in camel caps format
      |         | (Generic.NamingConventions.CamelCapsFunctionName.ScopeNotCamelCaps)
 1340 | ERROR   | The closing brace for the class must go on the next line
      |         | after the body
      |         | (PSR2.Classes.ClassDeclaration.CloseBraceAfterBody)
--------------------------------------------------------------------------------


FILE: ...down/build/src/tests/MichelfTest/Markdown/Parser/AbstractParserTest.php
--------------------------------------------------------------------------------
FOUND 8 ERROR(S) AFFECTING 6 LINE(S)
--------------------------------------------------------------------------------
  89 | ERROR | Closing parenthesis of a multi-line function call must be on a
     |       | line by itself
     |       | (PEAR.Functions.FunctionCallSignature.CloseBracketLine)
  93 | ERROR | Expected "if (...) {\n"; found "if (...)\n                   
     |       | {\n" (Squiz.ControlStructures.ControlSignature)
 109 | ERROR | Multi-line function call not indented correctly; expected 20
     |       | spaces but found 25
     |       | (PEAR.Functions.FunctionCallSignature.Indent)
 109 | ERROR | Closing parenthesis of a multi-line function call must be on a
     |       | line by itself
     |       | (PEAR.Functions.FunctionCallSignature.CloseBracketLine)
 112 | ERROR | Multi-line function call not indented correctly; expected 20
     |       | spaces but found 25
     |       | (PEAR.Functions.FunctionCallSignature.Indent)
 112 | ERROR | Closing parenthesis of a multi-line function call must be on a
     |       | line by itself
     |       | (PEAR.Functions.FunctionCallSignature.CloseBracketLine)
 114 | ERROR | Opening parenthesis of a multi-line function call must be the
     |       | last content on the line
     |       | (PEAR.Functions.FunctionCallSignature.ContentAfterOpenBracket)
 116 | ERROR | Closing parenthesis of a multi-line function call must be on a
     |       | line by itself
     |       | (PEAR.Functions.FunctionCallSignature.CloseBracketLine)
--------------------------------------------------------------------------------

Time: 1 second, Memory: 16.00Mb

