Loading composer repositories with package information
Updating dependencies
Nothing to install or update
Loading composer repositories with package information
Updating dev dependencies
  - Installing symfony/yaml (2.1.x-dev 7dd0427)
    Cloning 7dd042765a3299d7cb1627ca9e6ffdb59fc54058
Initialized empty Git repository in /mnt/sandbox/2013/websafe-buildscript-for-michelf-php-markdown/build/vendor/symfony/yaml/Symfony/Component/Yaml/.git/

  - Installing twig/twig (dev-master 3111e12)
    Cloning 3111e1265db1026323c589a5bd2d152871d7bbab
Initialized empty Git repository in /mnt/sandbox/2013/websafe-buildscript-for-michelf-php-markdown/build/vendor/twig/twig/.git/

  - Marking twig/twig (1.12.x-dev 3111e12) as installed, alias of twig/twig (dev-master 3111e12)
  - Installing phpunit/php-text-template (dev-master 1eeef10)
    Cloning 1eeef106193d2f8c539728e566bb4793071a9e18
Initialized empty Git repository in /mnt/sandbox/2013/websafe-buildscript-for-michelf-php-markdown/build/vendor/phpunit/php-text-template/.git/

  - Installing phpunit/phpunit-mock-objects (1.2.x-dev 1.2.3)
    Cloning 1.2.3
Initialized empty Git repository in /mnt/sandbox/2013/websafe-buildscript-for-michelf-php-markdown/build/vendor/phpunit/phpunit-mock-objects/.git/

  - Installing phpunit/php-timer (dev-master 6d28a54)
    Cloning 6d28a5483f2b824a5bcc39c3761eb2cb9a0dd0a0
Initialized empty Git repository in /mnt/sandbox/2013/websafe-buildscript-for-michelf-php-markdown/build/vendor/phpunit/php-timer/.git/

  - Installing phpunit/php-token-stream (dev-master c25dd88)
    Cloning c25dd88e1592e66dee2553c99ef244203d5a1b98
Initialized empty Git repository in /mnt/sandbox/2013/websafe-buildscript-for-michelf-php-markdown/build/vendor/phpunit/php-token-stream/.git/

  - Installing phpunit/php-file-iterator (dev-master 2deb24c)
    Cloning 2deb24c65ea78e126daa8d45b2089ddc29ec1d26
Initialized empty Git repository in /mnt/sandbox/2013/websafe-buildscript-for-michelf-php-markdown/build/vendor/phpunit/php-file-iterator/.git/

  - Installing phpunit/php-code-coverage (1.2.x-dev ec7f6f3)
    Cloning ec7f6f388ca315b6520f61be670ff82fa6ce68fb
Initialized empty Git repository in /mnt/sandbox/2013/websafe-buildscript-for-michelf-php-markdown/build/vendor/phpunit/php-code-coverage/.git/

  - Installing phpunit/phpunit (3.7.x-dev c80d9a4)
    Cloning c80d9a4dab17c780044ce8c91463db7820396e01
Initialized empty Git repository in /mnt/sandbox/2013/websafe-buildscript-for-michelf-php-markdown/build/vendor/phpunit/phpunit/.git/

  - Installing phpdocumentor/unified-asset-installer (1.0.1-beta4)
    Loading from cache
    Unpacking archive
    Cleaning up

  - Installing dflydev/markdown (dev-master 11f8faa)
    Cloning 11f8faa2d17f717a038b4d372abd22a6ac4a15dc
Initialized empty Git repository in /mnt/sandbox/2013/websafe-buildscript-for-michelf-php-markdown/build/vendor/dflydev/markdown/.git/

  - Marking dflydev/markdown (1.0.x-dev 11f8faa) as installed, alias of dflydev/markdown (dev-master 11f8faa)
  - Installing phpdocumentor/reflection-docblock (2.0.0a1)
    Loading from cache
    Unpacking archive
    Cleaning up

  - Installing nikic/php-parser (dev-master 222c961)
    Cloning 222c9612ab9c65551b7febd38cbb0fa685b0e0db
Initialized empty Git repository in /mnt/sandbox/2013/websafe-buildscript-for-michelf-php-markdown/build/vendor/nikic/php-parser/.git/

  - Installing phpdocumentor/reflection (0.1.2)
    Loading from cache
    Unpacking archive
    Cleaning up

  - Installing phpdocumentor/graphviz (1.0.0-beta3)
    Loading from cache
    Unpacking archive
    Cleaning up

  - Installing zendframework/zendframework (dev-develop 50bd2fc)
    Cloning 50bd2fce6d718c5a02a41b2d5146591526743507
Initialized empty Git repository in /mnt/sandbox/2013/websafe-buildscript-for-michelf-php-markdown/build/vendor/zendframework/zendframework/.git/

  - Marking zendframework/zendframework (2.1.x-dev 50bd2fc) as installed, alias of zendframework/zendframework (dev-develop 50bd2fc)
  - Installing symfony/event-dispatcher (2.1.x-dev 593ca3b)
    Cloning 593ca3bb9ed5eccc1156c402102d9b5bb07cd783
Initialized empty Git repository in /mnt/sandbox/2013/websafe-buildscript-for-michelf-php-markdown/build/vendor/symfony/event-dispatcher/Symfony/Component/EventDispatcher/.git/

  - Installing symfony/console (2.1.x-dev fc27a6b)
    Cloning fc27a6b04f5425036764e4bfa96c9c889f34c957
Initialized empty Git repository in /mnt/sandbox/2013/websafe-buildscript-for-michelf-php-markdown/build/vendor/symfony/console/Symfony/Component/Console/.git/

  - Installing pimple/pimple (dev-master d58cec6)
    Cloning d58cec632dfdd3305d6b4f2563a5cf2a75b4d978
Initialized empty Git repository in /mnt/sandbox/2013/websafe-buildscript-for-michelf-php-markdown/build/vendor/pimple/pimple/.git/

  - Marking pimple/pimple (1.0.x-dev d58cec6) as installed, alias of pimple/pimple (dev-master d58cec6)
  - Installing cilex/console-service-provider (dev-master 25ee3d1)
    Cloning 25ee3d1875243d38e1a3448ff94bdf944f70d24e
Initialized empty Git repository in /mnt/sandbox/2013/websafe-buildscript-for-michelf-php-markdown/build/vendor/cilex/console-service-provider/.git/

  - Marking cilex/console-service-provider (1.0.x-dev 25ee3d1) as installed, alias of cilex/console-service-provider (dev-master 25ee3d1)
  - Installing symfony/finder (2.1.x-dev c66d4fc)
    Cloning c66d4fc4d39d34de3b9baac6a2ecd2461a282494
Initialized empty Git repository in /mnt/sandbox/2013/websafe-buildscript-for-michelf-php-markdown/build/vendor/symfony/finder/Symfony/Component/Finder/.git/

  - Installing symfony/process (2.1.x-dev 8582fc2)
    Cloning 8582fc24d1358ea949f67376e4c1643a5066f3cc
Initialized empty Git repository in /mnt/sandbox/2013/websafe-buildscript-for-michelf-php-markdown/build/vendor/symfony/process/Symfony/Component/Process/.git/

  - Installing cilex/cilex (dev-master 6f73fe8)
    Cloning 6f73fe881572d45940d1907708ea07c268a72f49
Initialized empty Git repository in /mnt/sandbox/2013/websafe-buildscript-for-michelf-php-markdown/build/vendor/cilex/cilex/.git/

  - Installing phpdocumentor/template-checkstyle (1.0.1)
    Loading from cache
    Unpacking archive
    Cleaning up

  - Installing phpdocumentor/template-old-ocean (1.0.2)
    Loading from cache
    Unpacking archive
    Cleaning up

  - Installing phpdocumentor/plugin-twig (1.0.0)
    Loading from cache
    Unpacking archive
    Cleaning up

  - Installing phpdocumentor/template-abstract (1.0.2)
    Loading from cache
    Unpacking archive
    Cleaning up

  - Installing phpdocumentor/template-zend (1.0.1)
    Loading from cache
    Unpacking archive
    Cleaning up

  - Installing phpdocumentor/fileset (1.0.0-beta2)
    Loading from cache
    Unpacking archive
    Cleaning up

  - Installing phpdocumentor/template-new-black (1.0.4)
    Loading from cache
    Unpacking archive
    Cleaning up

  - Installing phpdocumentor/template-responsive (1.0.7)
    Loading from cache
    Unpacking archive
    Cleaning up

  - Installing phpdocumentor/phpdocumentor (dev-master 6220334)
    Cloning 6220334f5a7a61a02e100274545db26c1cf4efa3
Initialized empty Git repository in /mnt/sandbox/2013/websafe-buildscript-for-michelf-php-markdown/build/vendor/phpdocumentor/phpdocumentor/.git/

  - Installing squizlabs/php_codesniffer (dev-master 42a568d)
    Cloning 42a568db42cf6e85e49c7e8e972e460b44f1f121
Initialized empty Git repository in /mnt/sandbox/2013/websafe-buildscript-for-michelf-php-markdown/build/vendor/squizlabs/php_codesniffer/.git/

  - Installing symfony/filesystem (2.1.x-dev 42a7645)
    Cloning 42a7645a7d8d2acaef6af4c23a9345a13508ddaf
Initialized empty Git repository in /mnt/sandbox/2013/websafe-buildscript-for-michelf-php-markdown/build/vendor/symfony/filesystem/Symfony/Component/Filesystem/.git/

  - Installing fabpot/php-cs-fixer (dev-master 2377b9e)
    Cloning 2377b9ea383ac7939e563c3dd6ee2be9ee2d3183
Initialized empty Git repository in /mnt/sandbox/2013/websafe-buildscript-for-michelf-php-markdown/build/vendor/fabpot/php-cs-fixer/.git/

phpunit/phpunit suggests installing phpunit/php-invoker (>=1.1.0)
zendframework/zendframework suggests installing doctrine/common (Doctrine\Common >=2.1 for annotation features)
zendframework/zendframework suggests installing pecl-weakref (Implementation of weak references for Zend\Stdlib\CallbackHandler)
zendframework/zendframework suggests installing zendframework/zendpdf (ZendPdf for creating PDF representations of barcodes)
zendframework/zendframework suggests installing zendframework/zendservice-recaptcha (ZendService\ReCaptcha for rendering ReCaptchas in Zend\Captcha and/or Zend\Form)
symfony/event-dispatcher suggests installing symfony/dependency-injection (2.1.*)
symfony/event-dispatcher suggests installing symfony/http-kernel (2.1.*)
cilex/cilex suggests installing monolog/monolog (>=1.0.0)
cilex/cilex suggests installing symfony/validator (>=1.0.0)
Writing lock file
Generating autoload files
